  [1m[36m (6.7ms)[0m  [1mCREATE TABLE "schema_migrations" ("version" varchar NOT NULL) [0m
  [1m[35m (0.3ms)[0m  select sqlite_version(*)
  [1m[36m (3.3ms)[0m  [1mCREATE UNIQUE INDEX "unique_schema_migrations" ON "schema_migrations" ("version")[0m
  [1m[35mActiveRecord::SchemaMigration Load (0.2ms)[0m  SELECT "schema_migrations".* FROM "schema_migrations"
Migrating to CreateMovies (20150809022253)
  [1m[36m (0.1ms)[0m  [1mbegin transaction[0m
DEPRECATION WARNING: `#timestamp` was called without specifying an option for `null`. In Rails 5, this behavior will change to `null: false`. You should manually specify `null: true` to prevent the behavior of your existing migrations from changing. (called from block in change at /home/pooja/SE/rottenpotatoes-rails-intro/db/migrate/20150809022253_create_movies.rb:10)
  [1m[35m (0.4ms)[0m  CREATE TABLE "movies" ("id" INTEGER PRIMARY KEY AUTOINCREMENT NOT NULL, "title" varchar, "rating" varchar, "description" text, "release_date" datetime, "created_at" datetime, "updated_at" datetime) 
  [1m[36mSQL (0.2ms)[0m  [1mINSERT INTO "schema_migrations" ("version") VALUES (?)[0m  [["version", "20150809022253"]]
  [1m[35m (3.1ms)[0m  commit transaction
  [1m[36mActiveRecord::SchemaMigration Load (0.2ms)[0m  [1mSELECT "schema_migrations".* FROM "schema_migrations"[0m
  [1m[36mActiveRecord::SchemaMigration Load (0.1ms)[0m  [1mSELECT "schema_migrations".* FROM "schema_migrations"[0m
  [1m[35m (0.1ms)[0m  begin transaction
  [1m[36mSQL (0.8ms)[0m  [1mINSERT INTO "movies" ("title", "rating", "release_date", "created_at", "updated_at") VALUES (?, ?, ?, ?, ?)[0m  [["title", "Aladdin"], ["rating", "G"], ["release_date", "1992-11-25 00:00:00.000000"], ["created_at", "2015-09-16 19:25:23.900648"], ["updated_at", "2015-09-16 19:25:23.900648"]]
  [1m[35m (7.3ms)[0m  commit transaction
  [1m[36m (0.2ms)[0m  [1mbegin transaction[0m
  [1m[35mSQL (0.4ms)[0m  INSERT INTO "movies" ("title", "rating", "release_date", "created_at", "updated_at") VALUES (?, ?, ?, ?, ?)  [["title", "The Terminator"], ["rating", "R"], ["release_date", "1984-10-26 00:00:00.000000"], ["created_at", "2015-09-16 19:25:23.917056"], ["updated_at", "2015-09-16 19:25:23.917056"]]
  [1m[36m (3.0ms)[0m  [1mcommit transaction[0m
  [1m[35m (0.1ms)[0m  begin transaction
  [1m[36mSQL (0.3ms)[0m  [1mINSERT INTO "movies" ("title", "rating", "release_date", "created_at", "updated_at") VALUES (?, ?, ?, ?, ?)[0m  [["title", "When Harry Met Sally"], ["rating", "R"], ["release_date", "1989-07-21 00:00:00.000000"], ["created_at", "2015-09-16 19:25:23.924337"], ["updated_at", "2015-09-16 19:25:23.924337"]]
  [1m[35m (2.8ms)[0m  commit transaction
  [1m[36m (0.1ms)[0m  [1mbegin transaction[0m
  [1m[35mSQL (0.3ms)[0m  INSERT INTO "movies" ("title", "rating", "release_date", "created_at", "updated_at") VALUES (?, ?, ?, ?, ?)  [["title", "The Help"], ["rating", "PG-13"], ["release_date", "2011-08-10 00:00:00.000000"], ["created_at", "2015-09-16 19:25:23.930490"], ["updated_at", "2015-09-16 19:25:23.930490"]]
  [1m[36m (2.8ms)[0m  [1mcommit transaction[0m
  [1m[35m (0.1ms)[0m  begin transaction
  [1m[36mSQL (0.2ms)[0m  [1mINSERT INTO "movies" ("title", "rating", "release_date", "created_at", "updated_at") VALUES (?, ?, ?, ?, ?)[0m  [["title", "Chocolat"], ["rating", "PG-13"], ["release_date", "2001-01-05 00:00:00.000000"], ["created_at", "2015-09-16 19:25:23.935922"], ["updated_at", "2015-09-16 19:25:23.935922"]]
  [1m[35m (3.5ms)[0m  commit transaction
  [1m[36m (0.1ms)[0m  [1mbegin transaction[0m
  [1m[35mSQL (0.3ms)[0m  INSERT INTO "movies" ("title", "rating", "release_date", "created_at", "updated_at") VALUES (?, ?, ?, ?, ?)  [["title", "Amelie"], ["rating", "R"], ["release_date", "2001-04-25 00:00:00.000000"], ["created_at", "2015-09-16 19:25:23.942299"], ["updated_at", "2015-09-16 19:25:23.942299"]]
  [1m[36m (2.9ms)[0m  [1mcommit transaction[0m
  [1m[35m (0.1ms)[0m  begin transaction
  [1m[36mSQL (0.3ms)[0m  [1mINSERT INTO "movies" ("title", "rating", "release_date", "created_at", "updated_at") VALUES (?, ?, ?, ?, ?)[0m  [["title", "2001: A Space Odyssey"], ["rating", "G"], ["release_date", "1968-04-06 00:00:00.000000"], ["created_at", "2015-09-16 19:25:23.948860"], ["updated_at", "2015-09-16 19:25:23.948860"]]
  [1m[35m (2.9ms)[0m  commit transaction
  [1m[36m (0.1ms)[0m  [1mbegin transaction[0m
  [1m[35mSQL (0.3ms)[0m  INSERT INTO "movies" ("title", "rating", "release_date", "created_at", "updated_at") VALUES (?, ?, ?, ?, ?)  [["title", "The Incredibles"], ["rating", "PG"], ["release_date", "2004-11-05 00:00:00.000000"], ["created_at", "2015-09-16 19:25:23.955168"], ["updated_at", "2015-09-16 19:25:23.955168"]]
  [1m[36m (3.4ms)[0m  [1mcommit transaction[0m
  [1m[35m (0.1ms)[0m  begin transaction
  [1m[36mSQL (0.3ms)[0m  [1mINSERT INTO "movies" ("title", "rating", "release_date", "created_at", "updated_at") VALUES (?, ?, ?, ?, ?)[0m  [["title", "Raiders of the Lost Ark"], ["rating", "PG"], ["release_date", "1981-06-12 00:00:00.000000"], ["created_at", "2015-09-16 19:25:23.961331"], ["updated_at", "2015-09-16 19:25:23.961331"]]
  [1m[35m (2.7ms)[0m  commit transaction
  [1m[36m (0.1ms)[0m  [1mbegin transaction[0m
  [1m[35mSQL (0.3ms)[0m  INSERT INTO "movies" ("title", "rating", "release_date", "created_at", "updated_at") VALUES (?, ?, ?, ?, ?)  [["title", "Chicken Run"], ["rating", "G"], ["release_date", "2000-06-21 00:00:00.000000"], ["created_at", "2015-09-16 19:25:23.967416"], ["updated_at", "2015-09-16 19:25:23.967416"]]
  [1m[36m (3.3ms)[0m  [1mcommit transaction[0m


Started GET "/movies" for 127.0.0.1 at 2015-09-16 14:26:13 -0500
  [1m[36mActiveRecord::SchemaMigration Load (0.2ms)[0m  [1mSELECT "schema_migrations".* FROM "schema_migrations"[0m
Processing by MoviesController#index as HTML
  [1m[35mMovie Load (0.3ms)[0m  SELECT "movies".* FROM "movies"
  Rendered movies/index.html.haml within layouts/application (14.6ms)
Completed 200 OK in 934ms (Views: 917.8ms | ActiveRecord: 0.6ms)


Started GET "/assets/default.self-49554e9e270baee081b10069c4f5f33b75f6549ad240aac134400c56d752bf9f.css?body=1" for 127.0.0.1 at 2015-09-16 14:26:15 -0500


Started GET "/assets/application.self-e80e8f2318043e8af94dddc2adad5a4f09739a8ebb323b3ab31cd71d45fd9113.css?body=1" for 127.0.0.1 at 2015-09-16 14:26:15 -0500


Started GET "/assets/jquery.self-d03a5518f45df77341bdbe6201ba3bfa547ebba8ed64f0ea56bfa5f96ea7c074.js?body=1" for 127.0.0.1 at 2015-09-16 14:26:15 -0500


Started GET "/assets/jquery_ujs.self-ca5248a2fad13d6bd58ea121318d642f195f0b2dd818b30615f785ff365e8d1f.js?body=1" for 127.0.0.1 at 2015-09-16 14:26:15 -0500


Started GET "/movies/3" for 127.0.0.1 at 2015-09-16 14:26:20 -0500
Processing by MoviesController#show as HTML
  Parameters: {"id"=>"3"}
  [1m[36mMovie Load (0.2ms)[0m  [1mSELECT  "movies".* FROM "movies" WHERE "movies"."id" = ? LIMIT 1[0m  [["id", 3]]
  Rendered movies/show.html.haml within layouts/application (5.6ms)
Completed 200 OK in 81ms (Views: 46.8ms | ActiveRecord: 0.2ms)


Started GET "/movies" for 127.0.0.1 at 2015-09-18 11:38:20 -0500
  [1m[36mActiveRecord::SchemaMigration Load (0.2ms)[0m  [1mSELECT "schema_migrations".* FROM "schema_migrations"[0m
Processing by MoviesController#index as HTML
  [1m[35mMovie Load (0.2ms)[0m  SELECT "movies".* FROM "movies"
  Rendered movies/index.html.haml within layouts/application (12.4ms)
Completed 200 OK in 208ms (Views: 193.7ms | ActiveRecord: 0.5ms)


Started GET "/movies/new" for 127.0.0.1 at 2015-09-18 12:18:42 -0500
Processing by MoviesController#new as HTML
  Rendered movies/new.html.haml within layouts/application (21.1ms)
Completed 200 OK in 54ms (Views: 52.9ms | ActiveRecord: 0.0ms)


Started POST "/movies" for 127.0.0.1 at 2015-09-18 12:18:59 -0500
Processing by MoviesController#create as HTML
  Parameters: {"utf8"=>"✓", "authenticity_token"=>"/TVCU/X782DEfQwqcKglEgI2fp3vRkX4AwXOc2/AeQex6Xl0zQBWetM/swFNUtTXyCEQg36V0lHZScXRi68K+g==", "movie"=>{"title"=>"When Harry met Sally", "rating"=>"PG-13", "release_date(1i)"=>"2015", "release_date(2i)"=>"9", "release_date(3i)"=>"18"}, "commit"=>"Save Changes"}
  [1m[36m (0.2ms)[0m  [1mbegin transaction[0m
  [1m[35mSQL (0.8ms)[0m  INSERT INTO "movies" ("title", "rating", "release_date", "created_at", "updated_at") VALUES (?, ?, ?, ?, ?)  [["title", "When Harry met Sally"], ["rating", "PG-13"], ["release_date", "2015-09-18 00:00:00.000000"], ["created_at", "2015-09-18 17:18:59.192411"], ["updated_at", "2015-09-18 17:18:59.192411"]]
  [1m[36m (2.4ms)[0m  [1mcommit transaction[0m
Redirected to http://localhost:3000/movies
Completed 302 Found in 44ms (ActiveRecord: 3.4ms)


Started GET "/movies" for 127.0.0.1 at 2015-09-18 12:18:59 -0500
Processing by MoviesController#index as HTML
  [1m[35mMovie Load (0.4ms)[0m  SELECT "movies".* FROM "movies"
  Rendered movies/index.html.haml within layouts/application (4.5ms)
Completed 200 OK in 43ms (Views: 41.2ms | ActiveRecord: 0.4ms)


Started GET "/movies" for 127.0.0.1 at 2015-09-18 12:50:35 -0500
  [1m[36mActiveRecord::SchemaMigration Load (0.2ms)[0m  [1mSELECT "schema_migrations".* FROM "schema_migrations"[0m
Processing by MoviesController#index as HTML
  [1m[35mMovie Load (0.3ms)[0m  SELECT "movies".* FROM "movies"
  Rendered movies/index.html.haml within layouts/application (15.4ms)
Completed 200 OK in 296ms (Views: 283.3ms | ActiveRecord: 0.6ms)


Started GET "/assets/default.self-ca6f10ad23d6dc25799ce1950b1d568dc3577f0b785447cfe00fd2c57e38fb05.css?body=1" for 127.0.0.1 at 2015-09-18 12:50:36 -0500


Started GET "/movies" for 127.0.0.1 at 2015-09-18 12:51:03 -0500
Processing by MoviesController#index as HTML
  [1m[36mMovie Load (0.4ms)[0m  [1mSELECT "movies".* FROM "movies"[0m
  Rendered movies/index.html.haml within layouts/application (9.3ms)
Completed 200 OK in 42ms (Views: 40.5ms | ActiveRecord: 0.4ms)


Started GET "/assets/application.self-e80e8f2318043e8af94dddc2adad5a4f09739a8ebb323b3ab31cd71d45fd9113.css?body=1" for 127.0.0.1 at 2015-09-18 12:51:03 -0500


Started GET "/assets/jquery.self-d03a5518f45df77341bdbe6201ba3bfa547ebba8ed64f0ea56bfa5f96ea7c074.js?body=1" for 127.0.0.1 at 2015-09-18 12:51:03 -0500


Started GET "/assets/jquery_ujs.self-ca5248a2fad13d6bd58ea121318d642f195f0b2dd818b30615f785ff365e8d1f.js?body=1" for 127.0.0.1 at 2015-09-18 12:51:03 -0500


Started GET "/assets/turbolinks.self-c37727e9bd6b2735da5c311aa83fead54ed0be6cc8bd9a65309e9c5abe2cbfff.js?body=1" for 127.0.0.1 at 2015-09-18 12:51:03 -0500


Started GET "/assets/default.self-ca6f10ad23d6dc25799ce1950b1d568dc3577f0b785447cfe00fd2c57e38fb05.css?body=1" for 127.0.0.1 at 2015-09-18 12:51:03 -0500


Started GET "/assets/application.self-3b8dabdc891efe46b9a144b400ad69e37d7e5876bdc39dee783419a69d7ca819.js?body=1" for 127.0.0.1 at 2015-09-18 12:51:03 -0500


Started GET "/movies" for 127.0.0.1 at 2015-09-18 12:51:18 -0500
  [1m[36mActiveRecord::SchemaMigration Load (0.1ms)[0m  [1mSELECT "schema_migrations".* FROM "schema_migrations"[0m
Processing by MoviesController#index as HTML
  [1m[35mMovie Load (0.2ms)[0m  SELECT "movies".* FROM "movies"
  Rendered movies/index.html.haml within layouts/application (13.8ms)
Completed 200 OK in 268ms (Views: 248.0ms | ActiveRecord: 0.6ms)


Started GET "/assets/default.self-ca6f10ad23d6dc25799ce1950b1d568dc3577f0b785447cfe00fd2c57e38fb05.css?body=1" for 127.0.0.1 at 2015-09-18 12:51:18 -0500


Started GET "/assets/jquery.self-d03a5518f45df77341bdbe6201ba3bfa547ebba8ed64f0ea56bfa5f96ea7c074.js?body=1" for 127.0.0.1 at 2015-09-18 12:51:18 -0500


Started GET "/assets/turbolinks.self-c37727e9bd6b2735da5c311aa83fead54ed0be6cc8bd9a65309e9c5abe2cbfff.js?body=1" for 127.0.0.1 at 2015-09-18 12:51:18 -0500


Started GET "/assets/jquery_ujs.self-ca5248a2fad13d6bd58ea121318d642f195f0b2dd818b30615f785ff365e8d1f.js?body=1" for 127.0.0.1 at 2015-09-18 12:51:18 -0500


Started GET "/assets/application.self-e80e8f2318043e8af94dddc2adad5a4f09739a8ebb323b3ab31cd71d45fd9113.css?body=1" for 127.0.0.1 at 2015-09-18 12:51:18 -0500


Started GET "/assets/application.self-3b8dabdc891efe46b9a144b400ad69e37d7e5876bdc39dee783419a69d7ca819.js?body=1" for 127.0.0.1 at 2015-09-18 12:51:18 -0500


Started GET "/movies" for 127.0.0.1 at 2015-09-18 13:26:25 -0500
Processing by MoviesController#index as HTML
  [1m[36mMovie Load (0.3ms)[0m  [1mSELECT "movies".* FROM "movies"[0m
  Rendered movies/index.html.haml within layouts/application (33.5ms)
Completed 200 OK in 65ms (Views: 64.0ms | ActiveRecord: 0.3ms)


Started GET "/movies" for 127.0.0.1 at 2015-09-18 13:26:43 -0500
Processing by MoviesController#index as HTML
  [1m[35mMovie Load (0.4ms)[0m  SELECT "movies".* FROM "movies"
  Rendered movies/index.html.haml within layouts/application (9.4ms)
Completed 200 OK in 44ms (Views: 42.3ms | ActiveRecord: 0.4ms)


Started GET "/assets/default.self-ca6f10ad23d6dc25799ce1950b1d568dc3577f0b785447cfe00fd2c57e38fb05.css?body=1" for 127.0.0.1 at 2015-09-18 13:26:44 -0500


Started GET "/assets/application.self-e80e8f2318043e8af94dddc2adad5a4f09739a8ebb323b3ab31cd71d45fd9113.css?body=1" for 127.0.0.1 at 2015-09-18 13:26:44 -0500


Started GET "/assets/turbolinks.self-c37727e9bd6b2735da5c311aa83fead54ed0be6cc8bd9a65309e9c5abe2cbfff.js?body=1" for 127.0.0.1 at 2015-09-18 13:26:44 -0500


Started GET "/assets/application.self-3b8dabdc891efe46b9a144b400ad69e37d7e5876bdc39dee783419a69d7ca819.js?body=1" for 127.0.0.1 at 2015-09-18 13:26:44 -0500


Started GET "/assets/jquery_ujs.self-ca5248a2fad13d6bd58ea121318d642f195f0b2dd818b30615f785ff365e8d1f.js?body=1" for 127.0.0.1 at 2015-09-18 13:26:44 -0500


Started GET "/assets/jquery.self-d03a5518f45df77341bdbe6201ba3bfa547ebba8ed64f0ea56bfa5f96ea7c074.js?body=1" for 127.0.0.1 at 2015-09-18 13:26:44 -0500


Started GET "/movies?sort=title" for 127.0.0.1 at 2015-09-18 13:26:47 -0500
Processing by MoviesController#index as HTML
  Parameters: {"sort"=>"title"}
  [1m[36mMovie Load (0.4ms)[0m  [1mSELECT "movies".* FROM "movies"[0m
  Rendered movies/index.html.haml within layouts/application (12.3ms)
Completed 200 OK in 55ms (Views: 53.6ms | ActiveRecord: 0.4ms)


Started GET "/movies?sort=title" for 127.0.0.1 at 2015-09-18 13:26:49 -0500
Processing by MoviesController#index as HTML
  Parameters: {"sort"=>"title"}
  [1m[35mMovie Load (0.6ms)[0m  SELECT "movies".* FROM "movies"
  Rendered movies/index.html.haml within layouts/application (5.8ms)
Completed 200 OK in 62ms (Views: 60.8ms | ActiveRecord: 0.6ms)


Started GET "/movies?sort=title" for 127.0.0.1 at 2015-09-18 13:26:50 -0500
Processing by MoviesController#index as HTML
  Parameters: {"sort"=>"title"}
  [1m[36mMovie Load (0.3ms)[0m  [1mSELECT "movies".* FROM "movies"[0m
  Rendered movies/index.html.haml within layouts/application (6.6ms)
Completed 200 OK in 41ms (Views: 39.3ms | ActiveRecord: 0.3ms)


Started GET "/movies?sort=title" for 127.0.0.1 at 2015-09-18 13:27:49 -0500
Processing by MoviesController#index as HTML
  Parameters: {"sort"=>"title"}
  [1m[35mMovie Load (0.4ms)[0m  SELECT "movies".* FROM "movies"
  Rendered movies/index.html.haml within layouts/application (11.0ms)
Completed 200 OK in 37ms (Views: 36.1ms | ActiveRecord: 0.4ms)


Started GET "/assets/default.self-ca6f10ad23d6dc25799ce1950b1d568dc3577f0b785447cfe00fd2c57e38fb05.css?body=1" for 127.0.0.1 at 2015-09-18 13:27:50 -0500


Started GET "/assets/application.self-e80e8f2318043e8af94dddc2adad5a4f09739a8ebb323b3ab31cd71d45fd9113.css?body=1" for 127.0.0.1 at 2015-09-18 13:27:50 -0500


Started GET "/assets/application.self-3b8dabdc891efe46b9a144b400ad69e37d7e5876bdc39dee783419a69d7ca819.js?body=1" for 127.0.0.1 at 2015-09-18 13:27:50 -0500


Started GET "/assets/jquery.self-d03a5518f45df77341bdbe6201ba3bfa547ebba8ed64f0ea56bfa5f96ea7c074.js?body=1" for 127.0.0.1 at 2015-09-18 13:27:50 -0500


Started GET "/assets/jquery_ujs.self-ca5248a2fad13d6bd58ea121318d642f195f0b2dd818b30615f785ff365e8d1f.js?body=1" for 127.0.0.1 at 2015-09-18 13:27:50 -0500


Started GET "/assets/turbolinks.self-c37727e9bd6b2735da5c311aa83fead54ed0be6cc8bd9a65309e9c5abe2cbfff.js?body=1" for 127.0.0.1 at 2015-09-18 13:27:50 -0500


Started GET "/movies?sort=title" for 127.0.0.1 at 2015-09-18 13:27:51 -0500
Processing by MoviesController#index as HTML
  Parameters: {"sort"=>"title"}
  [1m[36mMovie Load (0.2ms)[0m  [1mSELECT "movies".* FROM "movies"[0m
  Rendered movies/index.html.haml within layouts/application (3.1ms)
Completed 200 OK in 40ms (Views: 38.6ms | ActiveRecord: 0.2ms)


Started GET "/assets/default.self-ca6f10ad23d6dc25799ce1950b1d568dc3577f0b785447cfe00fd2c57e38fb05.css?body=1" for 127.0.0.1 at 2015-09-18 13:27:52 -0500


Started GET "/assets/jquery.self-d03a5518f45df77341bdbe6201ba3bfa547ebba8ed64f0ea56bfa5f96ea7c074.js?body=1" for 127.0.0.1 at 2015-09-18 13:27:52 -0500


Started GET "/assets/application.self-3b8dabdc891efe46b9a144b400ad69e37d7e5876bdc39dee783419a69d7ca819.js?body=1" for 127.0.0.1 at 2015-09-18 13:27:52 -0500


Started GET "/assets/jquery_ujs.self-ca5248a2fad13d6bd58ea121318d642f195f0b2dd818b30615f785ff365e8d1f.js?body=1" for 127.0.0.1 at 2015-09-18 13:27:52 -0500


Started GET "/assets/application.self-e80e8f2318043e8af94dddc2adad5a4f09739a8ebb323b3ab31cd71d45fd9113.css?body=1" for 127.0.0.1 at 2015-09-18 13:27:52 -0500


Started GET "/assets/turbolinks.self-c37727e9bd6b2735da5c311aa83fead54ed0be6cc8bd9a65309e9c5abe2cbfff.js?body=1" for 127.0.0.1 at 2015-09-18 13:27:52 -0500


Started GET "/movies?sort=title" for 127.0.0.1 at 2015-09-18 13:29:01 -0500
Processing by MoviesController#index as HTML
  Parameters: {"sort"=>"title"}
  [1m[35mMovie Load (0.4ms)[0m  SELECT "movies".* FROM "movies"
  Rendered movies/index.html.haml within layouts/application (6.3ms)
Completed 200 OK in 34ms (Views: 32.3ms | ActiveRecord: 0.4ms)


Started GET "/assets/application.self-e80e8f2318043e8af94dddc2adad5a4f09739a8ebb323b3ab31cd71d45fd9113.css?body=1" for 127.0.0.1 at 2015-09-18 13:29:01 -0500


Started GET "/assets/default.self-ca6f10ad23d6dc25799ce1950b1d568dc3577f0b785447cfe00fd2c57e38fb05.css?body=1" for 127.0.0.1 at 2015-09-18 13:29:01 -0500


Started GET "/assets/jquery_ujs.self-ca5248a2fad13d6bd58ea121318d642f195f0b2dd818b30615f785ff365e8d1f.js?body=1" for 127.0.0.1 at 2015-09-18 13:29:01 -0500


Started GET "/assets/jquery.self-d03a5518f45df77341bdbe6201ba3bfa547ebba8ed64f0ea56bfa5f96ea7c074.js?body=1" for 127.0.0.1 at 2015-09-18 13:29:01 -0500


Started GET "/assets/turbolinks.self-c37727e9bd6b2735da5c311aa83fead54ed0be6cc8bd9a65309e9c5abe2cbfff.js?body=1" for 127.0.0.1 at 2015-09-18 13:29:01 -0500


Started GET "/assets/application.self-3b8dabdc891efe46b9a144b400ad69e37d7e5876bdc39dee783419a69d7ca819.js?body=1" for 127.0.0.1 at 2015-09-18 13:29:01 -0500


Started GET "/movies?sort=title" for 127.0.0.1 at 2015-09-18 13:29:02 -0500
Processing by MoviesController#index as HTML
  Parameters: {"sort"=>"title"}
  [1m[36mMovie Load (0.3ms)[0m  [1mSELECT "movies".* FROM "movies"[0m
  Rendered movies/index.html.haml within layouts/application (4.0ms)
Completed 200 OK in 36ms (Views: 34.7ms | ActiveRecord: 0.3ms)


Started GET "/assets/default.self-ca6f10ad23d6dc25799ce1950b1d568dc3577f0b785447cfe00fd2c57e38fb05.css?body=1" for 127.0.0.1 at 2015-09-18 13:29:02 -0500


Started GET "/assets/application.self-e80e8f2318043e8af94dddc2adad5a4f09739a8ebb323b3ab31cd71d45fd9113.css?body=1" for 127.0.0.1 at 2015-09-18 13:29:02 -0500


Started GET "/assets/jquery.self-d03a5518f45df77341bdbe6201ba3bfa547ebba8ed64f0ea56bfa5f96ea7c074.js?body=1" for 127.0.0.1 at 2015-09-18 13:29:02 -0500


Started GET "/assets/jquery_ujs.self-ca5248a2fad13d6bd58ea121318d642f195f0b2dd818b30615f785ff365e8d1f.js?body=1" for 127.0.0.1 at 2015-09-18 13:29:02 -0500


Started GET "/assets/turbolinks.self-c37727e9bd6b2735da5c311aa83fead54ed0be6cc8bd9a65309e9c5abe2cbfff.js?body=1" for 127.0.0.1 at 2015-09-18 13:29:02 -0500


Started GET "/assets/application.self-3b8dabdc891efe46b9a144b400ad69e37d7e5876bdc39dee783419a69d7ca819.js?body=1" for 127.0.0.1 at 2015-09-18 13:29:02 -0500


Started GET "/movies?sort=title" for 127.0.0.1 at 2015-09-18 13:29:07 -0500
Processing by MoviesController#index as HTML
  Parameters: {"sort"=>"title"}
  [1m[35mMovie Load (0.2ms)[0m  SELECT "movies".* FROM "movies"
  Rendered movies/index.html.haml within layouts/application (5.6ms)
Completed 200 OK in 33ms (Views: 32.5ms | ActiveRecord: 0.2ms)


Started GET "/assets/default.self-ca6f10ad23d6dc25799ce1950b1d568dc3577f0b785447cfe00fd2c57e38fb05.css?body=1" for 127.0.0.1 at 2015-09-18 13:29:08 -0500


Started GET "/assets/application.self-e80e8f2318043e8af94dddc2adad5a4f09739a8ebb323b3ab31cd71d45fd9113.css?body=1" for 127.0.0.1 at 2015-09-18 13:29:08 -0500


Started GET "/assets/jquery.self-d03a5518f45df77341bdbe6201ba3bfa547ebba8ed64f0ea56bfa5f96ea7c074.js?body=1" for 127.0.0.1 at 2015-09-18 13:29:08 -0500


Started GET "/assets/turbolinks.self-c37727e9bd6b2735da5c311aa83fead54ed0be6cc8bd9a65309e9c5abe2cbfff.js?body=1" for 127.0.0.1 at 2015-09-18 13:29:08 -0500


Started GET "/assets/application.self-3b8dabdc891efe46b9a144b400ad69e37d7e5876bdc39dee783419a69d7ca819.js?body=1" for 127.0.0.1 at 2015-09-18 13:29:08 -0500


Started GET "/assets/jquery_ujs.self-ca5248a2fad13d6bd58ea121318d642f195f0b2dd818b30615f785ff365e8d1f.js?body=1" for 127.0.0.1 at 2015-09-18 13:29:08 -0500


Started GET "/movies?sort=title" for 127.0.0.1 at 2015-09-18 13:41:14 -0500
Processing by MoviesController#index as HTML
  Parameters: {"sort"=>"title"}
  [1m[36mMovie Load (0.4ms)[0m  [1mSELECT "movies".* FROM "movies"[0m
  Rendered movies/index.html.haml within layouts/application (36.0ms)
Completed 500 Internal Server Error in 39ms (ActiveRecord: 0.4ms)

ActionView::Template::Error (undefined method `my_path' for #<#<Class:0x007f4f6ddae788>:0x007f4f6d78d160>):
    4: %table#movies
    5:   %thead
    6:     %tr
    7:       %th{:class => @title_header}= link_to 'Title', my_path(:sort => 'title'), :id => 'title_header'
    8:       %th Rating
    9:       %th Release Date
   10:       %th More Info
  app/views/movies/index.html.haml:7:in `_app_views_movies_index_html_haml__2526894413570390577_69989557826720'


  Rendered /home/pooja/.gem/ruby/2.2.0/gems/actionpack-4.2.1/lib/action_dispatch/middleware/templates/rescues/_source.erb (10.4ms)
  Rendered /home/pooja/.gem/ruby/2.2.0/gems/actionpack-4.2.1/lib/action_dispatch/middleware/templates/rescues/_trace.html.erb (3.9ms)
  Rendered /home/pooja/.gem/ruby/2.2.0/gems/actionpack-4.2.1/lib/action_dispatch/middleware/templates/rescues/_request_and_response.html.erb (1.2ms)
  Rendered /home/pooja/.gem/ruby/2.2.0/gems/actionpack-4.2.1/lib/action_dispatch/middleware/templates/rescues/template_error.html.erb within rescues/layout (37.5ms)
  Rendered /home/pooja/.gem/ruby/2.2.0/gems/web-console-2.2.1/lib/web_console/templates/_markup.html.erb (0.6ms)
  Rendered /home/pooja/.gem/ruby/2.2.0/gems/web-console-2.2.1/lib/web_console/templates/_inner_console_markup.html.erb within layouts/inlined_string (1.0ms)
  Rendered /home/pooja/.gem/ruby/2.2.0/gems/web-console-2.2.1/lib/web_console/templates/_prompt_box_markup.html.erb within layouts/inlined_string (0.5ms)
  Rendered /home/pooja/.gem/ruby/2.2.0/gems/web-console-2.2.1/lib/web_console/templates/style.css.erb within layouts/inlined_string (0.8ms)
  Rendered /home/pooja/.gem/ruby/2.2.0/gems/web-console-2.2.1/lib/web_console/templates/console.js.erb within layouts/javascript (35.3ms)
  Rendered /home/pooja/.gem/ruby/2.2.0/gems/web-console-2.2.1/lib/web_console/templates/main.js.erb within layouts/javascript (0.5ms)
  Rendered /home/pooja/.gem/ruby/2.2.0/gems/web-console-2.2.1/lib/web_console/templates/error_page.js.erb within layouts/javascript (0.6ms)
  Rendered /home/pooja/.gem/ruby/2.2.0/gems/web-console-2.2.1/lib/web_console/templates/index.html.erb (71.5ms)


Started GET "/movies?sort=title" for 127.0.0.1 at 2015-09-18 13:43:01 -0500
Processing by MoviesController#index as HTML
  Parameters: {"sort"=>"title"}
  [1m[35mMovie Load (0.4ms)[0m  SELECT "movies".* FROM "movies"
  Rendered movies/index.html.haml within layouts/application (9.9ms)
Completed 200 OK in 46ms (Views: 44.5ms | ActiveRecord: 0.4ms)


Started GET "/assets/default.self-ca6f10ad23d6dc25799ce1950b1d568dc3577f0b785447cfe00fd2c57e38fb05.css?body=1" for 127.0.0.1 at 2015-09-18 13:43:01 -0500


Started GET "/assets/application.self-e80e8f2318043e8af94dddc2adad5a4f09739a8ebb323b3ab31cd71d45fd9113.css?body=1" for 127.0.0.1 at 2015-09-18 13:43:02 -0500


Started GET "/assets/jquery.self-d03a5518f45df77341bdbe6201ba3bfa547ebba8ed64f0ea56bfa5f96ea7c074.js?body=1" for 127.0.0.1 at 2015-09-18 13:43:02 -0500


Started GET "/assets/turbolinks.self-c37727e9bd6b2735da5c311aa83fead54ed0be6cc8bd9a65309e9c5abe2cbfff.js?body=1" for 127.0.0.1 at 2015-09-18 13:43:02 -0500


Started GET "/assets/application.self-3b8dabdc891efe46b9a144b400ad69e37d7e5876bdc39dee783419a69d7ca819.js?body=1" for 127.0.0.1 at 2015-09-18 13:43:02 -0500


Started GET "/assets/jquery_ujs.self-ca5248a2fad13d6bd58ea121318d642f195f0b2dd818b30615f785ff365e8d1f.js?body=1" for 127.0.0.1 at 2015-09-18 13:43:02 -0500


Started GET "/movies?sort=title" for 127.0.0.1 at 2015-09-18 13:43:04 -0500
Processing by MoviesController#index as HTML
  Parameters: {"sort"=>"title"}
  [1m[36mMovie Load (0.4ms)[0m  [1mSELECT "movies".* FROM "movies"[0m
  Rendered movies/index.html.haml within layouts/application (6.6ms)
Completed 200 OK in 32ms (Views: 31.6ms | ActiveRecord: 0.4ms)


Started GET "/movies?sort=title" for 127.0.0.1 at 2015-09-18 13:43:05 -0500
Processing by MoviesController#index as HTML
  Parameters: {"sort"=>"title"}
  [1m[35mMovie Load (0.3ms)[0m  SELECT "movies".* FROM "movies"
  Rendered movies/index.html.haml within layouts/application (5.9ms)
Completed 200 OK in 54ms (Views: 53.0ms | ActiveRecord: 0.3ms)


Started GET "/movies?sort=title" for 127.0.0.1 at 2015-09-18 13:43:06 -0500
Processing by MoviesController#index as HTML
  Parameters: {"sort"=>"title"}
  [1m[36mMovie Load (0.5ms)[0m  [1mSELECT "movies".* FROM "movies"[0m
  Rendered movies/index.html.haml within layouts/application (4.5ms)
Completed 200 OK in 41ms (Views: 39.5ms | ActiveRecord: 0.5ms)


Started GET "/movies?sort=title" for 127.0.0.1 at 2015-09-18 13:44:57 -0500
Processing by MoviesController#index as HTML
  Parameters: {"sort"=>"title"}
  [1m[35mMovie Load (0.4ms)[0m  SELECT "movies".* FROM "movies"
  Rendered movies/index.html.haml within layouts/application (21.2ms)
Completed 200 OK in 59ms (Views: 58.1ms | ActiveRecord: 0.4ms)


Started GET "/assets/default.self-ca6f10ad23d6dc25799ce1950b1d568dc3577f0b785447cfe00fd2c57e38fb05.css?body=1" for 127.0.0.1 at 2015-09-18 13:44:57 -0500


Started GET "/assets/application.self-e80e8f2318043e8af94dddc2adad5a4f09739a8ebb323b3ab31cd71d45fd9113.css?body=1" for 127.0.0.1 at 2015-09-18 13:44:57 -0500


Started GET "/assets/turbolinks.self-c37727e9bd6b2735da5c311aa83fead54ed0be6cc8bd9a65309e9c5abe2cbfff.js?body=1" for 127.0.0.1 at 2015-09-18 13:44:57 -0500


Started GET "/assets/jquery.self-d03a5518f45df77341bdbe6201ba3bfa547ebba8ed64f0ea56bfa5f96ea7c074.js?body=1" for 127.0.0.1 at 2015-09-18 13:44:57 -0500


Started GET "/assets/application.self-3b8dabdc891efe46b9a144b400ad69e37d7e5876bdc39dee783419a69d7ca819.js?body=1" for 127.0.0.1 at 2015-09-18 13:44:57 -0500


Started GET "/assets/jquery_ujs.self-ca5248a2fad13d6bd58ea121318d642f195f0b2dd818b30615f785ff365e8d1f.js?body=1" for 127.0.0.1 at 2015-09-18 13:44:57 -0500


Started GET "/movies?sort=title" for 127.0.0.1 at 2015-09-18 13:45:45 -0500
Processing by MoviesController#index as HTML
  Parameters: {"sort"=>"title"}
  [1m[36mMovie Load (0.4ms)[0m  [1mSELECT "movies".* FROM "movies"[0m
  Rendered movies/index.html.haml within layouts/application (9.8ms)
Completed 200 OK in 39ms (Views: 37.6ms | ActiveRecord: 0.4ms)


Started GET "/assets/default.self-ca6f10ad23d6dc25799ce1950b1d568dc3577f0b785447cfe00fd2c57e38fb05.css?body=1" for 127.0.0.1 at 2015-09-18 13:45:45 -0500


Started GET "/assets/jquery_ujs.self-ca5248a2fad13d6bd58ea121318d642f195f0b2dd818b30615f785ff365e8d1f.js?body=1" for 127.0.0.1 at 2015-09-18 13:45:45 -0500


Started GET "/assets/application.self-e80e8f2318043e8af94dddc2adad5a4f09739a8ebb323b3ab31cd71d45fd9113.css?body=1" for 127.0.0.1 at 2015-09-18 13:45:45 -0500


Started GET "/assets/application.self-3b8dabdc891efe46b9a144b400ad69e37d7e5876bdc39dee783419a69d7ca819.js?body=1" for 127.0.0.1 at 2015-09-18 13:45:45 -0500


Started GET "/assets/turbolinks.self-c37727e9bd6b2735da5c311aa83fead54ed0be6cc8bd9a65309e9c5abe2cbfff.js?body=1" for 127.0.0.1 at 2015-09-18 13:45:45 -0500


Started GET "/assets/jquery.self-d03a5518f45df77341bdbe6201ba3bfa547ebba8ed64f0ea56bfa5f96ea7c074.js?body=1" for 127.0.0.1 at 2015-09-18 13:45:45 -0500


Started GET "/movies?sort=title" for 127.0.0.1 at 2015-09-18 14:16:57 -0500
Processing by MoviesController#index as HTML
  Parameters: {"sort"=>"title"}
  [1m[35mMovie Load (0.7ms)[0m  SELECT "movies".* FROM "movies"  ORDER BY title
  Rendered movies/index.html.haml within layouts/application (13.8ms)
Completed 200 OK in 51ms (Views: 47.7ms | ActiveRecord: 1.0ms)


Started GET "/assets/default.self-ca6f10ad23d6dc25799ce1950b1d568dc3577f0b785447cfe00fd2c57e38fb05.css?body=1" for 127.0.0.1 at 2015-09-18 14:16:57 -0500


Started GET "/assets/application.self-e80e8f2318043e8af94dddc2adad5a4f09739a8ebb323b3ab31cd71d45fd9113.css?body=1" for 127.0.0.1 at 2015-09-18 14:16:57 -0500


Started GET "/assets/jquery.self-d03a5518f45df77341bdbe6201ba3bfa547ebba8ed64f0ea56bfa5f96ea7c074.js?body=1" for 127.0.0.1 at 2015-09-18 14:16:57 -0500


Started GET "/assets/jquery_ujs.self-ca5248a2fad13d6bd58ea121318d642f195f0b2dd818b30615f785ff365e8d1f.js?body=1" for 127.0.0.1 at 2015-09-18 14:16:57 -0500


Started GET "/assets/turbolinks.self-c37727e9bd6b2735da5c311aa83fead54ed0be6cc8bd9a65309e9c5abe2cbfff.js?body=1" for 127.0.0.1 at 2015-09-18 14:16:57 -0500


Started GET "/assets/application.self-3b8dabdc891efe46b9a144b400ad69e37d7e5876bdc39dee783419a69d7ca819.js?body=1" for 127.0.0.1 at 2015-09-18 14:16:57 -0500


Started GET "/movies?sort=title" for 127.0.0.1 at 2015-09-18 14:17:01 -0500
Processing by MoviesController#index as HTML
  Parameters: {"sort"=>"title"}
  [1m[36mMovie Load (0.3ms)[0m  [1mSELECT "movies".* FROM "movies"  ORDER BY title[0m
  Rendered movies/index.html.haml within layouts/application (9.3ms)
Completed 200 OK in 39ms (Views: 36.9ms | ActiveRecord: 0.3ms)


Started GET "/movies?sort=title" for 127.0.0.1 at 2015-09-18 14:17:02 -0500
Processing by MoviesController#index as HTML
  Parameters: {"sort"=>"title"}
  [1m[35mMovie Load (0.4ms)[0m  SELECT "movies".* FROM "movies"  ORDER BY title
  Rendered movies/index.html.haml within layouts/application (4.8ms)
Completed 200 OK in 36ms (Views: 34.7ms | ActiveRecord: 0.4ms)


Started GET "/movies" for 127.0.0.1 at 2015-09-18 14:17:05 -0500
Processing by MoviesController#index as HTML
  [1m[36mMovie Load (0.4ms)[0m  [1mSELECT "movies".* FROM "movies"[0m
  Rendered movies/index.html.haml within layouts/application (8.1ms)
Completed 200 OK in 40ms (Views: 38.7ms | ActiveRecord: 0.4ms)


Started GET "/movies?sort=title" for 127.0.0.1 at 2015-09-18 14:17:07 -0500
Processing by MoviesController#index as HTML
  Parameters: {"sort"=>"title"}
  [1m[35mMovie Load (0.4ms)[0m  SELECT "movies".* FROM "movies"  ORDER BY title
  Rendered movies/index.html.haml within layouts/application (5.8ms)
Completed 200 OK in 41ms (Views: 39.9ms | ActiveRecord: 0.4ms)


Started GET "/movies?sort=title" for 127.0.0.1 at 2015-09-18 14:17:12 -0500
Processing by MoviesController#index as HTML
  Parameters: {"sort"=>"title"}
  [1m[36mMovie Load (0.4ms)[0m  [1mSELECT "movies".* FROM "movies"  ORDER BY title[0m
  Rendered movies/index.html.haml within layouts/application (5.2ms)
Completed 200 OK in 35ms (Views: 33.9ms | ActiveRecord: 0.4ms)


Started GET "/movies?sort=title" for 127.0.0.1 at 2015-09-18 14:17:13 -0500
Processing by MoviesController#index as HTML
  Parameters: {"sort"=>"title"}
  [1m[35mMovie Load (0.6ms)[0m  SELECT "movies".* FROM "movies"  ORDER BY title
  Rendered movies/index.html.haml within layouts/application (8.4ms)
Completed 200 OK in 36ms (Views: 34.8ms | ActiveRecord: 0.6ms)


Started GET "/movies?sort=title" for 127.0.0.1 at 2015-09-18 14:17:14 -0500
Processing by MoviesController#index as HTML
  Parameters: {"sort"=>"title"}
  [1m[36mMovie Load (0.4ms)[0m  [1mSELECT "movies".* FROM "movies"  ORDER BY title[0m
  Rendered movies/index.html.haml within layouts/application (5.1ms)
Completed 200 OK in 43ms (Views: 41.6ms | ActiveRecord: 0.4ms)


Started GET "/movies?sort=title" for 127.0.0.1 at 2015-09-18 14:17:46 -0500
Processing by MoviesController#index as HTML
  Parameters: {"sort"=>"title"}
  [1m[35mMovie Load (0.4ms)[0m  SELECT "movies".* FROM "movies"  ORDER BY title
  Rendered movies/index.html.haml within layouts/application (7.9ms)
Completed 200 OK in 35ms (Views: 33.9ms | ActiveRecord: 0.4ms)


Started GET "/assets/default.self-ca6f10ad23d6dc25799ce1950b1d568dc3577f0b785447cfe00fd2c57e38fb05.css?body=1" for 127.0.0.1 at 2015-09-18 14:17:46 -0500


Started GET "/assets/jquery.self-d03a5518f45df77341bdbe6201ba3bfa547ebba8ed64f0ea56bfa5f96ea7c074.js?body=1" for 127.0.0.1 at 2015-09-18 14:17:46 -0500


Started GET "/assets/application.self-e80e8f2318043e8af94dddc2adad5a4f09739a8ebb323b3ab31cd71d45fd9113.css?body=1" for 127.0.0.1 at 2015-09-18 14:17:46 -0500


Started GET "/assets/turbolinks.self-c37727e9bd6b2735da5c311aa83fead54ed0be6cc8bd9a65309e9c5abe2cbfff.js?body=1" for 127.0.0.1 at 2015-09-18 14:17:46 -0500


Started GET "/assets/application.self-3b8dabdc891efe46b9a144b400ad69e37d7e5876bdc39dee783419a69d7ca819.js?body=1" for 127.0.0.1 at 2015-09-18 14:17:46 -0500


Started GET "/assets/jquery_ujs.self-ca5248a2fad13d6bd58ea121318d642f195f0b2dd818b30615f785ff365e8d1f.js?body=1" for 127.0.0.1 at 2015-09-18 14:17:47 -0500


Started GET "/movies?sort=release_date_header" for 127.0.0.1 at 2015-09-18 14:17:48 -0500
Processing by MoviesController#index as HTML
  Parameters: {"sort"=>"release_date_header"}
  [1m[36mMovie Load (1.4ms)[0m  [1mSELECT "movies".* FROM "movies"  ORDER BY release_date_header[0m
SQLite3::SQLException: no such column: release_date_header: SELECT "movies".* FROM "movies"  ORDER BY release_date_header
  Rendered movies/index.html.haml within layouts/application (11.1ms)
Completed 500 Internal Server Error in 14ms (ActiveRecord: 1.4ms)

ActionView::Template::Error (SQLite3::SQLException: no such column: release_date_header: SELECT "movies".* FROM "movies"  ORDER BY release_date_header):
     9:       %th{:class=>('title' == @sortby)? 'hilite':""}= link_to  'Release Date', movies_path(:sort => 'release_date_header'), :id => 'title_header'
    10:       %th More Info
    11:   %tbody
    12:     - @movies.each do |movie|
    13:       %tr
    14:         %td= movie.title 
    15:         %td= movie.rating
  app/views/movies/index.html.haml:12:in `_app_views_movies_index_html_haml__2526894413570390577_69989560115120'


  Rendered /home/pooja/.gem/ruby/2.2.0/gems/actionpack-4.2.1/lib/action_dispatch/middleware/templates/rescues/_source.erb (10.9ms)
  Rendered /home/pooja/.gem/ruby/2.2.0/gems/actionpack-4.2.1/lib/action_dispatch/middleware/templates/rescues/_trace.html.erb (4.1ms)
  Rendered /home/pooja/.gem/ruby/2.2.0/gems/actionpack-4.2.1/lib/action_dispatch/middleware/templates/rescues/_request_and_response.html.erb (1.2ms)
  Rendered /home/pooja/.gem/ruby/2.2.0/gems/actionpack-4.2.1/lib/action_dispatch/middleware/templates/rescues/template_error.html.erb within rescues/layout (32.9ms)
  Rendered /home/pooja/.gem/ruby/2.2.0/gems/web-console-2.2.1/lib/web_console/templates/_markup.html.erb (0.3ms)
  Rendered /home/pooja/.gem/ruby/2.2.0/gems/web-console-2.2.1/lib/web_console/templates/_inner_console_markup.html.erb within layouts/inlined_string (0.4ms)
  Rendered /home/pooja/.gem/ruby/2.2.0/gems/web-console-2.2.1/lib/web_console/templates/_prompt_box_markup.html.erb within layouts/inlined_string (0.9ms)
  Rendered /home/pooja/.gem/ruby/2.2.0/gems/web-console-2.2.1/lib/web_console/templates/style.css.erb within layouts/inlined_string (0.3ms)
  Rendered /home/pooja/.gem/ruby/2.2.0/gems/web-console-2.2.1/lib/web_console/templates/console.js.erb within layouts/javascript (19.5ms)
  Rendered /home/pooja/.gem/ruby/2.2.0/gems/web-console-2.2.1/lib/web_console/templates/main.js.erb within layouts/javascript (0.3ms)
  Rendered /home/pooja/.gem/ruby/2.2.0/gems/web-console-2.2.1/lib/web_console/templates/error_page.js.erb within layouts/javascript (0.7ms)
  Rendered /home/pooja/.gem/ruby/2.2.0/gems/web-console-2.2.1/lib/web_console/templates/index.html.erb (39.1ms)


Started GET "/movies?sort=release_date_header" for 127.0.0.1 at 2015-09-18 14:17:48 -0500
Processing by MoviesController#index as HTML
  Parameters: {"sort"=>"release_date_header"}
  [1m[35mMovie Load (1.6ms)[0m  SELECT "movies".* FROM "movies"  ORDER BY release_date_header
SQLite3::SQLException: no such column: release_date_header: SELECT "movies".* FROM "movies"  ORDER BY release_date_header
  Rendered movies/index.html.haml within layouts/application (6.0ms)
Completed 500 Internal Server Error in 10ms (ActiveRecord: 1.6ms)

ActionView::Template::Error (SQLite3::SQLException: no such column: release_date_header: SELECT "movies".* FROM "movies"  ORDER BY release_date_header):
     9:       %th{:class=>('title' == @sortby)? 'hilite':""}= link_to  'Release Date', movies_path(:sort => 'release_date_header'), :id => 'title_header'
    10:       %th More Info
    11:   %tbody
    12:     - @movies.each do |movie|
    13:       %tr
    14:         %td= movie.title 
    15:         %td= movie.rating
  app/views/movies/index.html.haml:12:in `_app_views_movies_index_html_haml__2526894413570390577_69989355106600'


  Rendered /home/pooja/.gem/ruby/2.2.0/gems/actionpack-4.2.1/lib/action_dispatch/middleware/templates/rescues/_source.erb (11.1ms)
  Rendered /home/pooja/.gem/ruby/2.2.0/gems/actionpack-4.2.1/lib/action_dispatch/middleware/templates/rescues/_trace.html.erb (7.3ms)
  Rendered /home/pooja/.gem/ruby/2.2.0/gems/actionpack-4.2.1/lib/action_dispatch/middleware/templates/rescues/_request_and_response.html.erb (2.1ms)
  Rendered /home/pooja/.gem/ruby/2.2.0/gems/actionpack-4.2.1/lib/action_dispatch/middleware/templates/rescues/template_error.html.erb within rescues/layout (43.3ms)
  Rendered /home/pooja/.gem/ruby/2.2.0/gems/web-console-2.2.1/lib/web_console/templates/_markup.html.erb (0.7ms)
  Rendered /home/pooja/.gem/ruby/2.2.0/gems/web-console-2.2.1/lib/web_console/templates/_inner_console_markup.html.erb within layouts/inlined_string (0.4ms)
  Rendered /home/pooja/.gem/ruby/2.2.0/gems/web-console-2.2.1/lib/web_console/templates/_prompt_box_markup.html.erb within layouts/inlined_string (0.4ms)
  Rendered /home/pooja/.gem/ruby/2.2.0/gems/web-console-2.2.1/lib/web_console/templates/style.css.erb within layouts/inlined_string (0.4ms)
  Rendered /home/pooja/.gem/ruby/2.2.0/gems/web-console-2.2.1/lib/web_console/templates/console.js.erb within layouts/javascript (20.3ms)
  Rendered /home/pooja/.gem/ruby/2.2.0/gems/web-console-2.2.1/lib/web_console/templates/main.js.erb within layouts/javascript (0.4ms)
  Rendered /home/pooja/.gem/ruby/2.2.0/gems/web-console-2.2.1/lib/web_console/templates/error_page.js.erb within layouts/javascript (0.6ms)
  Rendered /home/pooja/.gem/ruby/2.2.0/gems/web-console-2.2.1/lib/web_console/templates/index.html.erb (41.5ms)


Started GET "/movies?sort=release_date_header" for 127.0.0.1 at 2015-09-18 14:18:12 -0500
Processing by MoviesController#index as HTML
  Parameters: {"sort"=>"release_date_header"}
  [1m[36mMovie Load (0.8ms)[0m  [1mSELECT "movies".* FROM "movies"  ORDER BY release_date_header[0m
SQLite3::SQLException: no such column: release_date_header: SELECT "movies".* FROM "movies"  ORDER BY release_date_header
  Rendered movies/index.html.haml within layouts/application (7.4ms)
Completed 500 Internal Server Error in 10ms (ActiveRecord: 0.8ms)

ActionView::Template::Error (SQLite3::SQLException: no such column: release_date_header: SELECT "movies".* FROM "movies"  ORDER BY release_date_header):
     9:       %th{:class=>('title' == @sortby)? 'hilite':""}= link_to  'Release Date', movies_path(:sort => 'title'), :id => 'release_date_header'
    10:       %th More Info
    11:   %tbody
    12:     - @movies.each do |movie|
    13:       %tr
    14:         %td= movie.title 
    15:         %td= movie.rating
  app/views/movies/index.html.haml:12:in `_app_views_movies_index_html_haml__2526894413570390577_69989310709900'


  Rendered /home/pooja/.gem/ruby/2.2.0/gems/actionpack-4.2.1/lib/action_dispatch/middleware/templates/rescues/_source.erb (9.9ms)
  Rendered /home/pooja/.gem/ruby/2.2.0/gems/actionpack-4.2.1/lib/action_dispatch/middleware/templates/rescues/_trace.html.erb (3.7ms)
  Rendered /home/pooja/.gem/ruby/2.2.0/gems/actionpack-4.2.1/lib/action_dispatch/middleware/templates/rescues/_request_and_response.html.erb (1.1ms)
  Rendered /home/pooja/.gem/ruby/2.2.0/gems/actionpack-4.2.1/lib/action_dispatch/middleware/templates/rescues/template_error.html.erb within rescues/layout (32.1ms)
  Rendered /home/pooja/.gem/ruby/2.2.0/gems/web-console-2.2.1/lib/web_console/templates/_markup.html.erb (0.5ms)
  Rendered /home/pooja/.gem/ruby/2.2.0/gems/web-console-2.2.1/lib/web_console/templates/_inner_console_markup.html.erb within layouts/inlined_string (0.4ms)
  Rendered /home/pooja/.gem/ruby/2.2.0/gems/web-console-2.2.1/lib/web_console/templates/_prompt_box_markup.html.erb within layouts/inlined_string (0.4ms)
  Rendered /home/pooja/.gem/ruby/2.2.0/gems/web-console-2.2.1/lib/web_console/templates/style.css.erb within layouts/inlined_string (0.3ms)
  Rendered /home/pooja/.gem/ruby/2.2.0/gems/web-console-2.2.1/lib/web_console/templates/console.js.erb within layouts/javascript (18.8ms)
  Rendered /home/pooja/.gem/ruby/2.2.0/gems/web-console-2.2.1/lib/web_console/templates/main.js.erb within layouts/javascript (0.3ms)
  Rendered /home/pooja/.gem/ruby/2.2.0/gems/web-console-2.2.1/lib/web_console/templates/error_page.js.erb within layouts/javascript (0.5ms)
  Rendered /home/pooja/.gem/ruby/2.2.0/gems/web-console-2.2.1/lib/web_console/templates/index.html.erb (38.4ms)


Started GET "/movies?sort=release_date_header" for 127.0.0.1 at 2015-09-18 14:18:16 -0500
Processing by MoviesController#index as HTML
  Parameters: {"sort"=>"release_date_header"}
  [1m[35mMovie Load (0.9ms)[0m  SELECT "movies".* FROM "movies"  ORDER BY release_date_header
SQLite3::SQLException: no such column: release_date_header: SELECT "movies".* FROM "movies"  ORDER BY release_date_header
  Rendered movies/index.html.haml within layouts/application (4.8ms)
Completed 500 Internal Server Error in 8ms (ActiveRecord: 0.9ms)

ActionView::Template::Error (SQLite3::SQLException: no such column: release_date_header: SELECT "movies".* FROM "movies"  ORDER BY release_date_header):
     9:       %th{:class=>('title' == @sortby)? 'hilite':""}= link_to  'Release Date', movies_path(:sort => 'title'), :id => 'release_date_header'
    10:       %th More Info
    11:   %tbody
    12:     - @movies.each do |movie|
    13:       %tr
    14:         %td= movie.title 
    15:         %td= movie.rating
  app/views/movies/index.html.haml:12:in `_app_views_movies_index_html_haml__2526894413570390577_69989310709900'


  Rendered /home/pooja/.gem/ruby/2.2.0/gems/actionpack-4.2.1/lib/action_dispatch/middleware/templates/rescues/_source.erb (10.3ms)
  Rendered /home/pooja/.gem/ruby/2.2.0/gems/actionpack-4.2.1/lib/action_dispatch/middleware/templates/rescues/_trace.html.erb (4.1ms)
  Rendered /home/pooja/.gem/ruby/2.2.0/gems/actionpack-4.2.1/lib/action_dispatch/middleware/templates/rescues/_request_and_response.html.erb (1.2ms)
  Rendered /home/pooja/.gem/ruby/2.2.0/gems/actionpack-4.2.1/lib/action_dispatch/middleware/templates/rescues/template_error.html.erb within rescues/layout (33.8ms)
  Rendered /home/pooja/.gem/ruby/2.2.0/gems/web-console-2.2.1/lib/web_console/templates/_markup.html.erb (0.4ms)
  Rendered /home/pooja/.gem/ruby/2.2.0/gems/web-console-2.2.1/lib/web_console/templates/_inner_console_markup.html.erb within layouts/inlined_string (0.4ms)
  Rendered /home/pooja/.gem/ruby/2.2.0/gems/web-console-2.2.1/lib/web_console/templates/_prompt_box_markup.html.erb within layouts/inlined_string (0.3ms)
  Rendered /home/pooja/.gem/ruby/2.2.0/gems/web-console-2.2.1/lib/web_console/templates/style.css.erb within layouts/inlined_string (0.4ms)
  Rendered /home/pooja/.gem/ruby/2.2.0/gems/web-console-2.2.1/lib/web_console/templates/console.js.erb within layouts/javascript (19.3ms)
  Rendered /home/pooja/.gem/ruby/2.2.0/gems/web-console-2.2.1/lib/web_console/templates/main.js.erb within layouts/javascript (0.2ms)
  Rendered /home/pooja/.gem/ruby/2.2.0/gems/web-console-2.2.1/lib/web_console/templates/error_page.js.erb within layouts/javascript (0.7ms)
  Rendered /home/pooja/.gem/ruby/2.2.0/gems/web-console-2.2.1/lib/web_console/templates/index.html.erb (38.7ms)


Started GET "/movies" for 127.0.0.1 at 2015-09-18 14:18:22 -0500
Processing by MoviesController#index as HTML
  [1m[36mMovie Load (0.4ms)[0m  [1mSELECT "movies".* FROM "movies"[0m
  Rendered movies/index.html.haml within layouts/application (7.4ms)
Completed 200 OK in 45ms (Views: 43.4ms | ActiveRecord: 0.4ms)


Started GET "/movies?sort=title" for 127.0.0.1 at 2015-09-18 14:18:24 -0500
Processing by MoviesController#index as HTML
  Parameters: {"sort"=>"title"}
  [1m[35mMovie Load (0.3ms)[0m  SELECT "movies".* FROM "movies"  ORDER BY title
  Rendered movies/index.html.haml within layouts/application (8.2ms)
Completed 200 OK in 38ms (Views: 37.0ms | ActiveRecord: 0.3ms)


Started GET "/movies?sort=title" for 127.0.0.1 at 2015-09-18 14:18:26 -0500
Processing by MoviesController#index as HTML
  Parameters: {"sort"=>"title"}
  [1m[36mMovie Load (0.7ms)[0m  [1mSELECT "movies".* FROM "movies"  ORDER BY title[0m
  Rendered movies/index.html.haml within layouts/application (7.6ms)
Completed 200 OK in 57ms (Views: 55.6ms | ActiveRecord: 0.7ms)


Started GET "/movies?sort=title" for 127.0.0.1 at 2015-09-18 14:18:56 -0500
Processing by MoviesController#index as HTML
  Parameters: {"sort"=>"title"}
  [1m[35mMovie Load (0.3ms)[0m  SELECT "movies".* FROM "movies"  ORDER BY title
  Rendered movies/index.html.haml within layouts/application (7.3ms)
Completed 200 OK in 37ms (Views: 36.0ms | ActiveRecord: 0.3ms)


Started GET "/assets/default.self-ca6f10ad23d6dc25799ce1950b1d568dc3577f0b785447cfe00fd2c57e38fb05.css?body=1" for 127.0.0.1 at 2015-09-18 14:18:56 -0500


Started GET "/assets/jquery.self-d03a5518f45df77341bdbe6201ba3bfa547ebba8ed64f0ea56bfa5f96ea7c074.js?body=1" for 127.0.0.1 at 2015-09-18 14:18:56 -0500


Started GET "/assets/application.self-3b8dabdc891efe46b9a144b400ad69e37d7e5876bdc39dee783419a69d7ca819.js?body=1" for 127.0.0.1 at 2015-09-18 14:18:56 -0500


Started GET "/assets/turbolinks.self-c37727e9bd6b2735da5c311aa83fead54ed0be6cc8bd9a65309e9c5abe2cbfff.js?body=1" for 127.0.0.1 at 2015-09-18 14:18:56 -0500


Started GET "/assets/application.self-e80e8f2318043e8af94dddc2adad5a4f09739a8ebb323b3ab31cd71d45fd9113.css?body=1" for 127.0.0.1 at 2015-09-18 14:18:56 -0500


Started GET "/assets/jquery_ujs.self-ca5248a2fad13d6bd58ea121318d642f195f0b2dd818b30615f785ff365e8d1f.js?body=1" for 127.0.0.1 at 2015-09-18 14:18:56 -0500


Started GET "/movies?sort=release_date" for 127.0.0.1 at 2015-09-18 14:18:58 -0500
Processing by MoviesController#index as HTML
  Parameters: {"sort"=>"release_date"}
  [1m[36mMovie Load (0.5ms)[0m  [1mSELECT "movies".* FROM "movies"  ORDER BY release_date[0m
  Rendered movies/index.html.haml within layouts/application (11.5ms)
Completed 200 OK in 48ms (Views: 46.1ms | ActiveRecord: 0.5ms)


Started GET "/movies?sort=release_date" for 127.0.0.1 at 2015-09-18 14:19:01 -0500
Processing by MoviesController#index as HTML
  Parameters: {"sort"=>"release_date"}
  [1m[35mMovie Load (0.4ms)[0m  SELECT "movies".* FROM "movies"  ORDER BY release_date
  Rendered movies/index.html.haml within layouts/application (6.0ms)
Completed 200 OK in 34ms (Views: 32.4ms | ActiveRecord: 0.4ms)


Started GET "/movies?sort=title" for 127.0.0.1 at 2015-09-18 14:19:04 -0500
Processing by MoviesController#index as HTML
  Parameters: {"sort"=>"title"}
  [1m[36mMovie Load (0.4ms)[0m  [1mSELECT "movies".* FROM "movies"  ORDER BY title[0m
  Rendered movies/index.html.haml within layouts/application (5.9ms)
Completed 200 OK in 41ms (Views: 40.1ms | ActiveRecord: 0.4ms)


Started GET "/movies?sort=release_date" for 127.0.0.1 at 2015-09-18 14:19:08 -0500
Processing by MoviesController#index as HTML
  Parameters: {"sort"=>"release_date"}
  [1m[35mMovie Load (0.7ms)[0m  SELECT "movies".* FROM "movies"  ORDER BY release_date
  Rendered movies/index.html.haml within layouts/application (6.5ms)
Completed 200 OK in 36ms (Views: 34.5ms | ActiveRecord: 0.7ms)


Started GET "/movies" for 127.0.0.1 at 2015-09-18 14:39:26 -0500
Processing by MoviesController#index as HTML
  [1m[36mMovie Load (0.5ms)[0m  [1mSELECT "movies".* FROM "movies"[0m
  Rendered movies/index.html.haml within layouts/application (16.3ms)
Completed 200 OK in 63ms (Views: 59.9ms | ActiveRecord: 1.1ms)


Started GET "/movies?sort=title" for 127.0.0.1 at 2015-09-18 14:39:29 -0500
Processing by MoviesController#index as HTML
  Parameters: {"sort"=>"title"}
  [1m[35mMovie Load (1.3ms)[0m  SELECT "movies".* FROM "movies"  ORDER BY title
  Rendered movies/index.html.haml within layouts/application (12.4ms)
Completed 200 OK in 41ms (Views: 39.2ms | ActiveRecord: 1.3ms)


Started GET "/movies?sort=title" for 127.0.0.1 at 2015-09-18 14:39:31 -0500
Processing by MoviesController#index as HTML
  Parameters: {"sort"=>"title"}
  [1m[36mMovie Load (0.4ms)[0m  [1mSELECT "movies".* FROM "movies"  ORDER BY title[0m
  Rendered movies/index.html.haml within layouts/application (5.4ms)
Completed 200 OK in 42ms (Views: 40.6ms | ActiveRecord: 0.4ms)


Started GET "/movies?sort=title" for 127.0.0.1 at 2015-09-18 14:39:31 -0500
Processing by MoviesController#index as HTML
  Parameters: {"sort"=>"title"}
  [1m[35mMovie Load (0.3ms)[0m  SELECT "movies".* FROM "movies"  ORDER BY title
  Rendered movies/index.html.haml within layouts/application (4.8ms)
Completed 200 OK in 32ms (Views: 30.4ms | ActiveRecord: 0.3ms)


Started GET "/movies?sort=release_date" for 127.0.0.1 at 2015-09-18 14:39:33 -0500
Processing by MoviesController#index as HTML
  Parameters: {"sort"=>"release_date"}
  [1m[36mMovie Load (0.4ms)[0m  [1mSELECT "movies".* FROM "movies"  ORDER BY release_date[0m
  Rendered movies/index.html.haml within layouts/application (8.5ms)
Completed 200 OK in 36ms (Views: 34.5ms | ActiveRecord: 0.4ms)


Started GET "/movies?sort=release_date" for 127.0.0.1 at 2015-09-18 14:44:51 -0500
Processing by MoviesController#index as HTML
  Parameters: {"sort"=>"release_date"}
  [1m[35mMovie Load (0.4ms)[0m  SELECT "movies".* FROM "movies"  ORDER BY release_date
  Rendered movies/index.html.haml within layouts/application (11.7ms)
Completed 200 OK in 43ms (Views: 41.7ms | ActiveRecord: 0.4ms)


Started GET "/assets/application.self-e80e8f2318043e8af94dddc2adad5a4f09739a8ebb323b3ab31cd71d45fd9113.css?body=1" for 127.0.0.1 at 2015-09-18 14:44:52 -0500


Started GET "/assets/jquery.self-d03a5518f45df77341bdbe6201ba3bfa547ebba8ed64f0ea56bfa5f96ea7c074.js?body=1" for 127.0.0.1 at 2015-09-18 14:44:52 -0500


Started GET "/assets/jquery_ujs.self-ca5248a2fad13d6bd58ea121318d642f195f0b2dd818b30615f785ff365e8d1f.js?body=1" for 127.0.0.1 at 2015-09-18 14:44:52 -0500


Started GET "/assets/turbolinks.self-c37727e9bd6b2735da5c311aa83fead54ed0be6cc8bd9a65309e9c5abe2cbfff.js?body=1" for 127.0.0.1 at 2015-09-18 14:44:52 -0500


Started GET "/assets/application.self-3b8dabdc891efe46b9a144b400ad69e37d7e5876bdc39dee783419a69d7ca819.js?body=1" for 127.0.0.1 at 2015-09-18 14:44:52 -0500


Started GET "/assets/default.self-ca6f10ad23d6dc25799ce1950b1d568dc3577f0b785447cfe00fd2c57e38fb05.css?body=1" for 127.0.0.1 at 2015-09-18 14:44:52 -0500


Started GET "/movies?sort=title" for 127.0.0.1 at 2015-09-18 14:44:54 -0500
Processing by MoviesController#index as HTML
  Parameters: {"sort"=>"title"}
  [1m[36mMovie Load (0.4ms)[0m  [1mSELECT "movies".* FROM "movies"  ORDER BY title[0m
  Rendered movies/index.html.haml within layouts/application (7.3ms)
Completed 200 OK in 34ms (Views: 32.5ms | ActiveRecord: 0.4ms)


Started GET "/movies?sort=title" for 127.0.0.1 at 2015-09-18 14:44:56 -0500
Processing by MoviesController#index as HTML
  Parameters: {"sort"=>"title"}
  [1m[35mMovie Load (0.3ms)[0m  SELECT "movies".* FROM "movies"  ORDER BY title
  Rendered movies/index.html.haml within layouts/application (3.9ms)
Completed 200 OK in 31ms (Views: 29.5ms | ActiveRecord: 0.3ms)


Started GET "/movies?sort=title" for 127.0.0.1 at 2015-09-18 14:45:34 -0500
Processing by MoviesController#index as HTML
  Parameters: {"sort"=>"title"}
  Rendered movies/index.html.haml within layouts/application (12.0ms)
Completed 500 Internal Server Error in 16ms (ActiveRecord: 0.0ms)

SyntaxError (/home/pooja/SE/rottenpotatoes-rails-intro/app/views/movies/index.html.haml:9: syntax error, unexpected tSTRING_DEND, expecting ')'
... if @sortby == 'release_date')}>#{_hamlout.adjust_tabs(1); _...
...                               ^
/home/pooja/SE/rottenpotatoes-rails-intro/app/views/movies/index.html.haml:10: unknown regexp options - th
/home/pooja/SE/rottenpotatoes-rails-intro/app/views/movies/index.html.haml:10: syntax error, unexpected $undefined
.../th>\n      <th>More Info</th>\n    </tr>\n  </thead>\n  <tb...
...                               ^
/home/pooja/SE/rottenpotatoes-rails-intro/app/views/movies/index.html.haml:10: unknown regexp options - thad
/home/pooja/SE/rottenpotatoes-rails-intro/app/views/movies/index.html.haml:10: syntax error, unexpected $undefined
...fo</th>\n    </tr>\n  </thead>\n  <tbody>\n", -1, false);
...                               ^
/home/pooja/SE/rottenpotatoes-rails-intro/app/views/movies/index.html.haml:10: syntax error, unexpected $undefined
...  </tr>\n  </thead>\n  <tbody>\n", -1, false);
...                               ^
/home/pooja/SE/rottenpotatoes-rails-intro/app/views/movies/index.html.haml:13: syntax error, unexpected $undefined
_hamlout.push_text("    <tr>\n      <td>#{_hamlout.adjust_tabs(2); 
                             ^
/home/pooja/SE/rottenpotatoes-rails-intro/app/views/movies/index.html.haml:15: syntax error, unexpected '}', expecting tSTRING_DEND
));}</td>\n      <td>#{_hamlout.a...
    ^
/home/pooja/SE/rottenpotatoes-rails-intro/app/views/movies/index.html.haml:16: unknown regexp options - td
/home/pooja/SE/rottenpotatoes-rails-intro/app/views/movies/index.html.haml:16: syntax error, unexpected $undefined
));}</td>\n      <td>#{_hamlout.adjust_...
          ^
/home/pooja/SE/rottenpotatoes-rails-intro/app/views/movies/index.html.haml:17: syntax error, unexpected ')'
));}</td>\n      <td>#{_hamlou...
 ^
/home/pooja/SE/rottenpotatoes-rails-intro/app/views/movies/index.html.haml:18: unknown regexp options - td
/home/pooja/SE/rottenpotatoes-rails-intro/app/views/movies/index.html.haml:18: syntax error, unexpected $undefined
));}</td>\n    </tr>\n", -1, false);end...
          ^
/home/pooja/SE/rottenpotatoes-rails-intro/app/views/movies/index.html.haml:18: unknown regexp options - tbdy
unmatched close parenthesis: /tr>\n", -1, false);end;_hamlout.push_text("  </
/home/pooja/SE/rottenpotatoes-rails-intro/app/views/movies/index.html.haml:18: syntax error, unexpected $undefined
..._hamlout.push_text("  </tbody>\n</table>\n#{_hamlout.adjust_...
...                               ^
/home/pooja/SE/rottenpotatoes-rails-intro/app/views/movies/index.html.haml:18: unterminated regexp meets end of file
/home/pooja/SE/rottenpotatoes-rails-intro/app/views/movies/index.html.haml:18: syntax error, unexpected end-of-input, expecting tSTRING_DEND):
  app/views/movies/index.html.haml:9: syntax error, unexpected tSTRING_DEND, expecting ')'
  app/views/movies/index.html.haml:10: unknown regexp options - th
  app/views/movies/index.html.haml:10: syntax error, unexpected $undefined
  app/views/movies/index.html.haml:10: unknown regexp options - thad
  app/views/movies/index.html.haml:10: syntax error, unexpected $undefined
  app/views/movies/index.html.haml:10: syntax error, unexpected $undefined
  app/views/movies/index.html.haml:13: syntax error, unexpected $undefined
  app/views/movies/index.html.haml:15: syntax error, unexpected '}', expecting tSTRING_DEND
  app/views/movies/index.html.haml:16: unknown regexp options - td
  app/views/movies/index.html.haml:16: syntax error, unexpected $undefined
  app/views/movies/index.html.haml:17: syntax error, unexpected ')'
  app/views/movies/index.html.haml:18: unknown regexp options - td
  app/views/movies/index.html.haml:18: syntax error, unexpected $undefined
  app/views/movies/index.html.haml:18: unknown regexp options - tbdy
  app/views/movies/index.html.haml:18: syntax error, unexpected $undefined
  app/views/movies/index.html.haml:18: unterminated regexp meets end of file
  app/views/movies/index.html.haml:18: syntax error, unexpected end-of-input, expecting tSTRING_DEND


  Rendered /home/pooja/.gem/ruby/2.2.0/gems/actionpack-4.2.1/lib/action_dispatch/middleware/templates/rescues/_source.erb (11.1ms)
  Rendered /home/pooja/.gem/ruby/2.2.0/gems/actionpack-4.2.1/lib/action_dispatch/middleware/templates/rescues/_trace.html.erb (4.9ms)
  Rendered /home/pooja/.gem/ruby/2.2.0/gems/actionpack-4.2.1/lib/action_dispatch/middleware/templates/rescues/_request_and_response.html.erb (1.1ms)
  Rendered /home/pooja/.gem/ruby/2.2.0/gems/actionpack-4.2.1/lib/action_dispatch/middleware/templates/rescues/diagnostics.html.erb within rescues/layout (43.1ms)
  Rendered /home/pooja/.gem/ruby/2.2.0/gems/web-console-2.2.1/lib/web_console/templates/_markup.html.erb (0.4ms)
  Rendered /home/pooja/.gem/ruby/2.2.0/gems/web-console-2.2.1/lib/web_console/templates/_inner_console_markup.html.erb within layouts/inlined_string (0.4ms)
  Rendered /home/pooja/.gem/ruby/2.2.0/gems/web-console-2.2.1/lib/web_console/templates/_prompt_box_markup.html.erb within layouts/inlined_string (0.4ms)
  Rendered /home/pooja/.gem/ruby/2.2.0/gems/web-console-2.2.1/lib/web_console/templates/style.css.erb within layouts/inlined_string (0.4ms)
  Rendered /home/pooja/.gem/ruby/2.2.0/gems/web-console-2.2.1/lib/web_console/templates/console.js.erb within layouts/javascript (19.0ms)
  Rendered /home/pooja/.gem/ruby/2.2.0/gems/web-console-2.2.1/lib/web_console/templates/main.js.erb within layouts/javascript (0.4ms)
  Rendered /home/pooja/.gem/ruby/2.2.0/gems/web-console-2.2.1/lib/web_console/templates/error_page.js.erb within layouts/javascript (0.7ms)
  Rendered /home/pooja/.gem/ruby/2.2.0/gems/web-console-2.2.1/lib/web_console/templates/index.html.erb (39.4ms)


Started GET "/movies?sort=title" for 127.0.0.1 at 2015-09-18 14:45:49 -0500
Processing by MoviesController#index as HTML
  Parameters: {"sort"=>"title"}
  [1m[36mMovie Load (0.3ms)[0m  [1mSELECT "movies".* FROM "movies"  ORDER BY title[0m
  Rendered movies/index.html.haml within layouts/application (7.3ms)
Completed 200 OK in 36ms (Views: 35.4ms | ActiveRecord: 0.3ms)


Started GET "/assets/default.self-ca6f10ad23d6dc25799ce1950b1d568dc3577f0b785447cfe00fd2c57e38fb05.css?body=1" for 127.0.0.1 at 2015-09-18 14:45:49 -0500


Started GET "/assets/application.self-e80e8f2318043e8af94dddc2adad5a4f09739a8ebb323b3ab31cd71d45fd9113.css?body=1" for 127.0.0.1 at 2015-09-18 14:45:49 -0500


Started GET "/assets/jquery_ujs.self-ca5248a2fad13d6bd58ea121318d642f195f0b2dd818b30615f785ff365e8d1f.js?body=1" for 127.0.0.1 at 2015-09-18 14:45:49 -0500


Started GET "/assets/turbolinks.self-c37727e9bd6b2735da5c311aa83fead54ed0be6cc8bd9a65309e9c5abe2cbfff.js?body=1" for 127.0.0.1 at 2015-09-18 14:45:49 -0500


Started GET "/assets/jquery.self-d03a5518f45df77341bdbe6201ba3bfa547ebba8ed64f0ea56bfa5f96ea7c074.js?body=1" for 127.0.0.1 at 2015-09-18 14:45:49 -0500


Started GET "/assets/application.self-3b8dabdc891efe46b9a144b400ad69e37d7e5876bdc39dee783419a69d7ca819.js?body=1" for 127.0.0.1 at 2015-09-18 14:45:49 -0500


Started GET "/movies?sort=release_date" for 127.0.0.1 at 2015-09-18 14:45:52 -0500
Processing by MoviesController#index as HTML
  Parameters: {"sort"=>"release_date"}
  [1m[35mMovie Load (0.8ms)[0m  SELECT "movies".* FROM "movies"  ORDER BY release_date
  Rendered movies/index.html.haml within layouts/application (12.7ms)
Completed 200 OK in 51ms (Views: 49.1ms | ActiveRecord: 0.8ms)


Started GET "/movies?sort=title" for 127.0.0.1 at 2015-09-18 14:45:55 -0500
Processing by MoviesController#index as HTML
  Parameters: {"sort"=>"title"}
  [1m[36mMovie Load (0.5ms)[0m  [1mSELECT "movies".* FROM "movies"  ORDER BY title[0m
  Rendered movies/index.html.haml within layouts/application (6.2ms)
Completed 200 OK in 36ms (Views: 34.7ms | ActiveRecord: 0.5ms)


Started GET "/movies?sort=title" for 127.0.0.1 at 2015-09-18 14:46:32 -0500
Processing by MoviesController#index as HTML
  Parameters: {"sort"=>"title"}
  [1m[35mMovie Load (0.3ms)[0m  SELECT "movies".* FROM "movies"  ORDER BY title
  Rendered movies/index.html.haml within layouts/application (3.9ms)
Completed 200 OK in 56ms (Views: 54.8ms | ActiveRecord: 0.3ms)


Started GET "/assets/default.self-c198bf7e0d6ab38de0aaf404c320b15f28a155ee2f340fc3b98e8ebaeb5ecdec.css?body=1" for 127.0.0.1 at 2015-09-18 14:46:32 -0500


Started GET "/assets/jquery.self-d03a5518f45df77341bdbe6201ba3bfa547ebba8ed64f0ea56bfa5f96ea7c074.js?body=1" for 127.0.0.1 at 2015-09-18 14:46:32 -0500


Started GET "/assets/application.self-e80e8f2318043e8af94dddc2adad5a4f09739a8ebb323b3ab31cd71d45fd9113.css?body=1" for 127.0.0.1 at 2015-09-18 14:46:32 -0500


Started GET "/assets/jquery_ujs.self-ca5248a2fad13d6bd58ea121318d642f195f0b2dd818b30615f785ff365e8d1f.js?body=1" for 127.0.0.1 at 2015-09-18 14:46:32 -0500


Started GET "/assets/turbolinks.self-c37727e9bd6b2735da5c311aa83fead54ed0be6cc8bd9a65309e9c5abe2cbfff.js?body=1" for 127.0.0.1 at 2015-09-18 14:46:32 -0500


Started GET "/assets/application.self-3b8dabdc891efe46b9a144b400ad69e37d7e5876bdc39dee783419a69d7ca819.js?body=1" for 127.0.0.1 at 2015-09-18 14:46:32 -0500


Started GET "/movies?sort=title" for 127.0.0.1 at 2015-09-18 14:46:33 -0500
Processing by MoviesController#index as HTML
  Parameters: {"sort"=>"title"}
  [1m[36mMovie Load (0.4ms)[0m  [1mSELECT "movies".* FROM "movies"  ORDER BY title[0m
  Rendered movies/index.html.haml within layouts/application (7.4ms)
Completed 200 OK in 39ms (Views: 37.7ms | ActiveRecord: 0.4ms)


Started GET "/movies?sort=title" for 127.0.0.1 at 2015-09-18 14:46:34 -0500
Processing by MoviesController#index as HTML
  Parameters: {"sort"=>"title"}
  [1m[35mMovie Load (0.3ms)[0m  SELECT "movies".* FROM "movies"  ORDER BY title
  Rendered movies/index.html.haml within layouts/application (4.3ms)
Completed 200 OK in 34ms (Views: 33.2ms | ActiveRecord: 0.3ms)


Started GET "/movies?sort=release_date" for 127.0.0.1 at 2015-09-18 14:46:36 -0500
Processing by MoviesController#index as HTML
  Parameters: {"sort"=>"release_date"}
  [1m[36mMovie Load (0.4ms)[0m  [1mSELECT "movies".* FROM "movies"  ORDER BY release_date[0m
  Rendered movies/index.html.haml within layouts/application (5.6ms)
Completed 200 OK in 42ms (Views: 40.2ms | ActiveRecord: 0.4ms)


Started GET "/movies?sort=title" for 127.0.0.1 at 2015-09-18 14:47:08 -0500
Processing by MoviesController#index as HTML
  Parameters: {"sort"=>"title"}
  [1m[35mMovie Load (0.4ms)[0m  SELECT "movies".* FROM "movies"  ORDER BY title
  Rendered movies/index.html.haml within layouts/application (4.2ms)
Completed 200 OK in 53ms (Views: 51.4ms | ActiveRecord: 0.4ms)


Started GET "/movies?sort=title" for 127.0.0.1 at 2015-09-18 14:47:08 -0500
Processing by MoviesController#index as HTML
  Parameters: {"sort"=>"title"}
  [1m[36mMovie Load (0.4ms)[0m  [1mSELECT "movies".* FROM "movies"  ORDER BY title[0m
  Rendered movies/index.html.haml within layouts/application (3.8ms)
Completed 200 OK in 38ms (Views: 36.3ms | ActiveRecord: 0.4ms)


Started GET "/assets/default.self-88167d5dc7491932441f8f2a377e3541232757a598adc5e65dba2dbfddf6e63a.css?body=1" for 127.0.0.1 at 2015-09-18 14:47:08 -0500


Started GET "/movies?sort=title" for 127.0.0.1 at 2015-09-18 15:06:46 -0500
Processing by MoviesController#index as HTML
  Parameters: {"sort"=>"title"}
  [1m[35mMovie Load (0.3ms)[0m  SELECT "movies".* FROM "movies"  ORDER BY title
  Rendered movies/index.html.haml within layouts/application (3.5ms)
Completed 200 OK in 76ms (Views: 75.3ms | ActiveRecord: 0.3ms)


Started GET "/assets/default.self-2a3cd78de1a63ef487468aea27f7a7d66628e96a491dd7ce030b17c177e9d3d0.css?body=1" for 127.0.0.1 at 2015-09-18 15:06:46 -0500


Started GET "/assets/application.self-e80e8f2318043e8af94dddc2adad5a4f09739a8ebb323b3ab31cd71d45fd9113.css?body=1" for 127.0.0.1 at 2015-09-18 15:06:46 -0500


Started GET "/assets/application.self-3b8dabdc891efe46b9a144b400ad69e37d7e5876bdc39dee783419a69d7ca819.js?body=1" for 127.0.0.1 at 2015-09-18 15:06:46 -0500


Started GET "/assets/jquery_ujs.self-ca5248a2fad13d6bd58ea121318d642f195f0b2dd818b30615f785ff365e8d1f.js?body=1" for 127.0.0.1 at 2015-09-18 15:06:46 -0500


Started GET "/assets/turbolinks.self-c37727e9bd6b2735da5c311aa83fead54ed0be6cc8bd9a65309e9c5abe2cbfff.js?body=1" for 127.0.0.1 at 2015-09-18 15:06:46 -0500


Started GET "/assets/jquery.self-d03a5518f45df77341bdbe6201ba3bfa547ebba8ed64f0ea56bfa5f96ea7c074.js?body=1" for 127.0.0.1 at 2015-09-18 15:06:46 -0500


Started GET "/movies?sort=title" for 127.0.0.1 at 2015-09-18 15:06:47 -0500
Processing by MoviesController#index as HTML
  Parameters: {"sort"=>"title"}
  [1m[36mMovie Load (0.5ms)[0m  [1mSELECT "movies".* FROM "movies"  ORDER BY title[0m
  Rendered movies/index.html.haml within layouts/application (5.0ms)
Completed 200 OK in 37ms (Views: 35.4ms | ActiveRecord: 0.5ms)


Started GET "/assets/application.self-e80e8f2318043e8af94dddc2adad5a4f09739a8ebb323b3ab31cd71d45fd9113.css?body=1" for 127.0.0.1 at 2015-09-18 15:06:47 -0500


Started GET "/assets/jquery.self-d03a5518f45df77341bdbe6201ba3bfa547ebba8ed64f0ea56bfa5f96ea7c074.js?body=1" for 127.0.0.1 at 2015-09-18 15:06:47 -0500


Started GET "/assets/jquery_ujs.self-ca5248a2fad13d6bd58ea121318d642f195f0b2dd818b30615f785ff365e8d1f.js?body=1" for 127.0.0.1 at 2015-09-18 15:06:47 -0500


Started GET "/assets/default.self-2a3cd78de1a63ef487468aea27f7a7d66628e96a491dd7ce030b17c177e9d3d0.css?body=1" for 127.0.0.1 at 2015-09-18 15:06:47 -0500


Started GET "/assets/application.self-3b8dabdc891efe46b9a144b400ad69e37d7e5876bdc39dee783419a69d7ca819.js?body=1" for 127.0.0.1 at 2015-09-18 15:06:47 -0500


Started GET "/assets/turbolinks.self-c37727e9bd6b2735da5c311aa83fead54ed0be6cc8bd9a65309e9c5abe2cbfff.js?body=1" for 127.0.0.1 at 2015-09-18 15:06:47 -0500


Started GET "/movies?sort=release_date" for 127.0.0.1 at 2015-09-18 15:06:49 -0500
Processing by MoviesController#index as HTML
  Parameters: {"sort"=>"release_date"}
  [1m[35mMovie Load (0.5ms)[0m  SELECT "movies".* FROM "movies"  ORDER BY release_date
  Rendered movies/index.html.haml within layouts/application (4.3ms)
Completed 200 OK in 32ms (Views: 30.2ms | ActiveRecord: 0.5ms)


Started GET "/movies?sort=title" for 127.0.0.1 at 2015-09-18 15:06:51 -0500
Processing by MoviesController#index as HTML
  Parameters: {"sort"=>"title"}
  [1m[36mMovie Load (0.3ms)[0m  [1mSELECT "movies".* FROM "movies"  ORDER BY title[0m
  Rendered movies/index.html.haml within layouts/application (3.9ms)
Completed 200 OK in 35ms (Views: 34.0ms | ActiveRecord: 0.3ms)


Started GET "/movies?sort=title" for 127.0.0.1 at 2015-09-18 15:07:24 -0500
Processing by MoviesController#index as HTML
  Parameters: {"sort"=>"title"}
  [1m[35mMovie Load (0.6ms)[0m  SELECT "movies".* FROM "movies"  ORDER BY title
  Rendered movies/index.html.haml within layouts/application (8.8ms)
Completed 200 OK in 73ms (Views: 71.5ms | ActiveRecord: 0.6ms)


Started GET "/assets/default.self-b298cf58cf38c4718b80322698f7607593cc2ba00ebbc19c98998270883c8846.css?body=1" for 127.0.0.1 at 2015-09-18 15:07:25 -0500


Started GET "/assets/application.self-e80e8f2318043e8af94dddc2adad5a4f09739a8ebb323b3ab31cd71d45fd9113.css?body=1" for 127.0.0.1 at 2015-09-18 15:07:25 -0500


Started GET "/assets/turbolinks.self-c37727e9bd6b2735da5c311aa83fead54ed0be6cc8bd9a65309e9c5abe2cbfff.js?body=1" for 127.0.0.1 at 2015-09-18 15:07:25 -0500


Started GET "/assets/jquery_ujs.self-ca5248a2fad13d6bd58ea121318d642f195f0b2dd818b30615f785ff365e8d1f.js?body=1" for 127.0.0.1 at 2015-09-18 15:07:25 -0500


Started GET "/assets/application.self-3b8dabdc891efe46b9a144b400ad69e37d7e5876bdc39dee783419a69d7ca819.js?body=1" for 127.0.0.1 at 2015-09-18 15:07:25 -0500


Started GET "/assets/jquery.self-d03a5518f45df77341bdbe6201ba3bfa547ebba8ed64f0ea56bfa5f96ea7c074.js?body=1" for 127.0.0.1 at 2015-09-18 15:07:25 -0500


Started GET "/movies?sort=title" for 127.0.0.1 at 2015-09-18 15:07:26 -0500
Processing by MoviesController#index as HTML
  Parameters: {"sort"=>"title"}
  [1m[36mMovie Load (0.3ms)[0m  [1mSELECT "movies".* FROM "movies"  ORDER BY title[0m
  Rendered movies/index.html.haml within layouts/application (3.8ms)
Completed 200 OK in 41ms (Views: 39.6ms | ActiveRecord: 0.3ms)


Started GET "/movies?sort=title" for 127.0.0.1 at 2015-09-18 15:07:41 -0500
Processing by MoviesController#index as HTML
  Parameters: {"sort"=>"title"}
  [1m[35mMovie Load (0.5ms)[0m  SELECT "movies".* FROM "movies"  ORDER BY title
  Rendered movies/index.html.haml within layouts/application (6.1ms)
Completed 200 OK in 63ms (Views: 61.7ms | ActiveRecord: 0.5ms)


Started GET "/assets/application.self-e80e8f2318043e8af94dddc2adad5a4f09739a8ebb323b3ab31cd71d45fd9113.css?body=1" for 127.0.0.1 at 2015-09-18 15:07:41 -0500


Started GET "/assets/jquery_ujs.self-ca5248a2fad13d6bd58ea121318d642f195f0b2dd818b30615f785ff365e8d1f.js?body=1" for 127.0.0.1 at 2015-09-18 15:07:41 -0500


Started GET "/assets/turbolinks.self-c37727e9bd6b2735da5c311aa83fead54ed0be6cc8bd9a65309e9c5abe2cbfff.js?body=1" for 127.0.0.1 at 2015-09-18 15:07:41 -0500


Started GET "/assets/jquery.self-d03a5518f45df77341bdbe6201ba3bfa547ebba8ed64f0ea56bfa5f96ea7c074.js?body=1" for 127.0.0.1 at 2015-09-18 15:07:41 -0500


Started GET "/assets/default.self-2d9a7a9486df8beaa4c0bff0e4b5037570284d7cc6c101b3b8413ff03cda2543.css?body=1" for 127.0.0.1 at 2015-09-18 15:07:41 -0500


Started GET "/assets/application.self-3b8dabdc891efe46b9a144b400ad69e37d7e5876bdc39dee783419a69d7ca819.js?body=1" for 127.0.0.1 at 2015-09-18 15:07:41 -0500


Started GET "/movies?sort=title" for 127.0.0.1 at 2015-09-18 15:07:41 -0500
Processing by MoviesController#index as HTML
  Parameters: {"sort"=>"title"}
  [1m[36mMovie Load (0.7ms)[0m  [1mSELECT "movies".* FROM "movies"  ORDER BY title[0m
  Rendered movies/index.html.haml within layouts/application (10.7ms)
Completed 200 OK in 81ms (Views: 79.4ms | ActiveRecord: 0.7ms)


Started GET "/assets/default.self-2d9a7a9486df8beaa4c0bff0e4b5037570284d7cc6c101b3b8413ff03cda2543.css?body=1" for 127.0.0.1 at 2015-09-18 15:07:41 -0500


Started GET "/assets/application.self-e80e8f2318043e8af94dddc2adad5a4f09739a8ebb323b3ab31cd71d45fd9113.css?body=1" for 127.0.0.1 at 2015-09-18 15:07:41 -0500


Started GET "/assets/jquery_ujs.self-ca5248a2fad13d6bd58ea121318d642f195f0b2dd818b30615f785ff365e8d1f.js?body=1" for 127.0.0.1 at 2015-09-18 15:07:41 -0500


Started GET "/assets/application.self-3b8dabdc891efe46b9a144b400ad69e37d7e5876bdc39dee783419a69d7ca819.js?body=1" for 127.0.0.1 at 2015-09-18 15:07:41 -0500


Started GET "/movies?sort=title" for 127.0.0.1 at 2015-09-18 15:07:41 -0500
Processing by MoviesController#index as HTML
  Parameters: {"sort"=>"title"}
  [1m[35mMovie Load (0.3ms)[0m  SELECT "movies".* FROM "movies"  ORDER BY title
  Rendered movies/index.html.haml within layouts/application (4.7ms)
Completed 200 OK in 37ms (Views: 35.7ms | ActiveRecord: 0.3ms)


Started GET "/assets/turbolinks.self-c37727e9bd6b2735da5c311aa83fead54ed0be6cc8bd9a65309e9c5abe2cbfff.js?body=1" for 127.0.0.1 at 2015-09-18 15:07:41 -0500


Started GET "/assets/jquery.self-d03a5518f45df77341bdbe6201ba3bfa547ebba8ed64f0ea56bfa5f96ea7c074.js?body=1" for 127.0.0.1 at 2015-09-18 15:07:41 -0500


Started GET "/assets/default.self-2d9a7a9486df8beaa4c0bff0e4b5037570284d7cc6c101b3b8413ff03cda2543.css?body=1" for 127.0.0.1 at 2015-09-18 15:07:42 -0500


Started GET "/assets/turbolinks.self-c37727e9bd6b2735da5c311aa83fead54ed0be6cc8bd9a65309e9c5abe2cbfff.js?body=1" for 127.0.0.1 at 2015-09-18 15:07:42 -0500


Started GET "/assets/application.self-e80e8f2318043e8af94dddc2adad5a4f09739a8ebb323b3ab31cd71d45fd9113.css?body=1" for 127.0.0.1 at 2015-09-18 15:07:42 -0500


Started GET "/assets/jquery_ujs.self-ca5248a2fad13d6bd58ea121318d642f195f0b2dd818b30615f785ff365e8d1f.js?body=1" for 127.0.0.1 at 2015-09-18 15:07:42 -0500


Started GET "/assets/jquery.self-d03a5518f45df77341bdbe6201ba3bfa547ebba8ed64f0ea56bfa5f96ea7c074.js?body=1" for 127.0.0.1 at 2015-09-18 15:07:42 -0500


Started GET "/assets/application.self-3b8dabdc891efe46b9a144b400ad69e37d7e5876bdc39dee783419a69d7ca819.js?body=1" for 127.0.0.1 at 2015-09-18 15:07:42 -0500


Started GET "/movies?sort=title" for 127.0.0.1 at 2015-09-18 15:07:42 -0500
Processing by MoviesController#index as HTML
  Parameters: {"sort"=>"title"}
  [1m[36mMovie Load (0.3ms)[0m  [1mSELECT "movies".* FROM "movies"  ORDER BY title[0m
  Rendered movies/index.html.haml within layouts/application (6.3ms)
Completed 200 OK in 46ms (Views: 44.9ms | ActiveRecord: 0.3ms)


Started GET "/assets/application.self-e80e8f2318043e8af94dddc2adad5a4f09739a8ebb323b3ab31cd71d45fd9113.css?body=1" for 127.0.0.1 at 2015-09-18 15:07:42 -0500


Started GET "/assets/default.self-2d9a7a9486df8beaa4c0bff0e4b5037570284d7cc6c101b3b8413ff03cda2543.css?body=1" for 127.0.0.1 at 2015-09-18 15:07:42 -0500


Started GET "/assets/jquery_ujs.self-ca5248a2fad13d6bd58ea121318d642f195f0b2dd818b30615f785ff365e8d1f.js?body=1" for 127.0.0.1 at 2015-09-18 15:07:42 -0500


Started GET "/assets/turbolinks.self-c37727e9bd6b2735da5c311aa83fead54ed0be6cc8bd9a65309e9c5abe2cbfff.js?body=1" for 127.0.0.1 at 2015-09-18 15:07:42 -0500


Started GET "/assets/jquery.self-d03a5518f45df77341bdbe6201ba3bfa547ebba8ed64f0ea56bfa5f96ea7c074.js?body=1" for 127.0.0.1 at 2015-09-18 15:07:42 -0500


Started GET "/assets/application.self-3b8dabdc891efe46b9a144b400ad69e37d7e5876bdc39dee783419a69d7ca819.js?body=1" for 127.0.0.1 at 2015-09-18 15:07:42 -0500


Started GET "/movies?sort=title" for 127.0.0.1 at 2015-09-18 15:07:42 -0500
Processing by MoviesController#index as HTML
  Parameters: {"sort"=>"title"}
  [1m[35mMovie Load (0.5ms)[0m  SELECT "movies".* FROM "movies"  ORDER BY title
  Rendered movies/index.html.haml within layouts/application (7.6ms)
Completed 200 OK in 49ms (Views: 47.6ms | ActiveRecord: 0.5ms)


Started GET "/movies?sort=title" for 127.0.0.1 at 2015-09-18 15:07:42 -0500
Processing by MoviesController#index as HTML
  Parameters: {"sort"=>"title"}
  [1m[36mMovie Load (0.5ms)[0m  [1mSELECT "movies".* FROM "movies"  ORDER BY title[0m
  Rendered movies/index.html.haml within layouts/application (5.3ms)
Completed 200 OK in 63ms (Views: 61.5ms | ActiveRecord: 0.5ms)


Started GET "/assets/default.self-2d9a7a9486df8beaa4c0bff0e4b5037570284d7cc6c101b3b8413ff03cda2543.css?body=1" for 127.0.0.1 at 2015-09-18 15:07:42 -0500


Started GET "/assets/application.self-e80e8f2318043e8af94dddc2adad5a4f09739a8ebb323b3ab31cd71d45fd9113.css?body=1" for 127.0.0.1 at 2015-09-18 15:07:42 -0500


Started GET "/assets/jquery.self-d03a5518f45df77341bdbe6201ba3bfa547ebba8ed64f0ea56bfa5f96ea7c074.js?body=1" for 127.0.0.1 at 2015-09-18 15:07:42 -0500


Started GET "/assets/jquery_ujs.self-ca5248a2fad13d6bd58ea121318d642f195f0b2dd818b30615f785ff365e8d1f.js?body=1" for 127.0.0.1 at 2015-09-18 15:07:42 -0500


Started GET "/assets/turbolinks.self-c37727e9bd6b2735da5c311aa83fead54ed0be6cc8bd9a65309e9c5abe2cbfff.js?body=1" for 127.0.0.1 at 2015-09-18 15:07:42 -0500


Started GET "/assets/application.self-3b8dabdc891efe46b9a144b400ad69e37d7e5876bdc39dee783419a69d7ca819.js?body=1" for 127.0.0.1 at 2015-09-18 15:07:42 -0500


Started GET "/assets/default.self-2d9a7a9486df8beaa4c0bff0e4b5037570284d7cc6c101b3b8413ff03cda2543.css?body=1" for 127.0.0.1 at 2015-09-18 15:07:42 -0500


Started GET "/assets/application.self-e80e8f2318043e8af94dddc2adad5a4f09739a8ebb323b3ab31cd71d45fd9113.css?body=1" for 127.0.0.1 at 2015-09-18 15:07:42 -0500


Started GET "/assets/jquery.self-d03a5518f45df77341bdbe6201ba3bfa547ebba8ed64f0ea56bfa5f96ea7c074.js?body=1" for 127.0.0.1 at 2015-09-18 15:07:42 -0500


Started GET "/assets/jquery_ujs.self-ca5248a2fad13d6bd58ea121318d642f195f0b2dd818b30615f785ff365e8d1f.js?body=1" for 127.0.0.1 at 2015-09-18 15:07:42 -0500


Started GET "/assets/turbolinks.self-c37727e9bd6b2735da5c311aa83fead54ed0be6cc8bd9a65309e9c5abe2cbfff.js?body=1" for 127.0.0.1 at 2015-09-18 15:07:42 -0500


Started GET "/assets/application.self-3b8dabdc891efe46b9a144b400ad69e37d7e5876bdc39dee783419a69d7ca819.js?body=1" for 127.0.0.1 at 2015-09-18 15:07:42 -0500


Started GET "/movies?sort=title" for 127.0.0.1 at 2015-09-18 17:03:45 -0500
Processing by MoviesController#index as HTML
  Parameters: {"sort"=>"title"}
  [1m[35mMovie Load (0.3ms)[0m  SELECT "movies".* FROM "movies"  ORDER BY title
  Rendered movies/index.html.haml within layouts/application (3.6ms)
Completed 200 OK in 34ms (Views: 32.6ms | ActiveRecord: 0.3ms)


Started GET "/assets/default.self-2d9a7a9486df8beaa4c0bff0e4b5037570284d7cc6c101b3b8413ff03cda2543.css?body=1" for 127.0.0.1 at 2015-09-18 17:03:45 -0500


Started GET "/assets/application.self-e80e8f2318043e8af94dddc2adad5a4f09739a8ebb323b3ab31cd71d45fd9113.css?body=1" for 127.0.0.1 at 2015-09-18 17:03:45 -0500


Started GET "/assets/jquery.self-d03a5518f45df77341bdbe6201ba3bfa547ebba8ed64f0ea56bfa5f96ea7c074.js?body=1" for 127.0.0.1 at 2015-09-18 17:03:45 -0500


Started GET "/assets/jquery_ujs.self-ca5248a2fad13d6bd58ea121318d642f195f0b2dd818b30615f785ff365e8d1f.js?body=1" for 127.0.0.1 at 2015-09-18 17:03:45 -0500


Started GET "/assets/application.self-3b8dabdc891efe46b9a144b400ad69e37d7e5876bdc39dee783419a69d7ca819.js?body=1" for 127.0.0.1 at 2015-09-18 17:03:45 -0500


Started GET "/assets/turbolinks.self-c37727e9bd6b2735da5c311aa83fead54ed0be6cc8bd9a65309e9c5abe2cbfff.js?body=1" for 127.0.0.1 at 2015-09-18 17:03:45 -0500


Started GET "/movies?sort=title" for 127.0.0.1 at 2015-09-18 17:55:39 -0500

SyntaxError (/home/pooja/SE/rottenpotatoes-rails-intro/app/controllers/movies_controller.rb:49: syntax error, unexpected end-of-input, expecting keyword_end):
  app/controllers/movies_controller.rb:49: syntax error, unexpected end-of-input, expecting keyword_end


  Rendered /home/pooja/.gem/ruby/2.2.0/gems/actionpack-4.2.1/lib/action_dispatch/middleware/templates/rescues/_source.erb (5.2ms)
  Rendered /home/pooja/.gem/ruby/2.2.0/gems/actionpack-4.2.1/lib/action_dispatch/middleware/templates/rescues/_trace.html.erb (2.9ms)
  Rendered /home/pooja/.gem/ruby/2.2.0/gems/actionpack-4.2.1/lib/action_dispatch/middleware/templates/rescues/_request_and_response.html.erb (1.6ms)
  Rendered /home/pooja/.gem/ruby/2.2.0/gems/actionpack-4.2.1/lib/action_dispatch/middleware/templates/rescues/diagnostics.html.erb within rescues/layout (26.9ms)
  Rendered /home/pooja/.gem/ruby/2.2.0/gems/web-console-2.2.1/lib/web_console/templates/_markup.html.erb (0.6ms)
  Rendered /home/pooja/.gem/ruby/2.2.0/gems/web-console-2.2.1/lib/web_console/templates/_inner_console_markup.html.erb within layouts/inlined_string (0.4ms)
  Rendered /home/pooja/.gem/ruby/2.2.0/gems/web-console-2.2.1/lib/web_console/templates/_prompt_box_markup.html.erb within layouts/inlined_string (0.4ms)
  Rendered /home/pooja/.gem/ruby/2.2.0/gems/web-console-2.2.1/lib/web_console/templates/style.css.erb within layouts/inlined_string (0.5ms)
  Rendered /home/pooja/.gem/ruby/2.2.0/gems/web-console-2.2.1/lib/web_console/templates/console.js.erb within layouts/javascript (19.4ms)
  Rendered /home/pooja/.gem/ruby/2.2.0/gems/web-console-2.2.1/lib/web_console/templates/main.js.erb within layouts/javascript (0.3ms)
  Rendered /home/pooja/.gem/ruby/2.2.0/gems/web-console-2.2.1/lib/web_console/templates/error_page.js.erb within layouts/javascript (0.5ms)
  Rendered /home/pooja/.gem/ruby/2.2.0/gems/web-console-2.2.1/lib/web_console/templates/index.html.erb (38.2ms)


Started GET "/movies?sort=title" for 127.0.0.1 at 2015-09-18 17:55:52 -0500
Processing by MoviesController#index as HTML
  Parameters: {"sort"=>"title"}
  [1m[36mMovie Load (0.5ms)[0m  [1mSELECT "movies".* FROM "movies"  ORDER BY title[0m
  Rendered movies/index.html.haml within layouts/application (7.8ms)
Completed 200 OK in 34ms (Views: 31.6ms | ActiveRecord: 0.8ms)


Started GET "/assets/default.self-2d9a7a9486df8beaa4c0bff0e4b5037570284d7cc6c101b3b8413ff03cda2543.css?body=1" for 127.0.0.1 at 2015-09-18 17:55:53 -0500


Started GET "/assets/application.self-e80e8f2318043e8af94dddc2adad5a4f09739a8ebb323b3ab31cd71d45fd9113.css?body=1" for 127.0.0.1 at 2015-09-18 17:55:53 -0500


Started GET "/assets/jquery_ujs.self-ca5248a2fad13d6bd58ea121318d642f195f0b2dd818b30615f785ff365e8d1f.js?body=1" for 127.0.0.1 at 2015-09-18 17:55:53 -0500


Started GET "/assets/turbolinks.self-c37727e9bd6b2735da5c311aa83fead54ed0be6cc8bd9a65309e9c5abe2cbfff.js?body=1" for 127.0.0.1 at 2015-09-18 17:55:53 -0500


Started GET "/assets/jquery.self-d03a5518f45df77341bdbe6201ba3bfa547ebba8ed64f0ea56bfa5f96ea7c074.js?body=1" for 127.0.0.1 at 2015-09-18 17:55:53 -0500


Started GET "/assets/application.self-3b8dabdc891efe46b9a144b400ad69e37d7e5876bdc39dee783419a69d7ca819.js?body=1" for 127.0.0.1 at 2015-09-18 17:55:53 -0500


Started GET "/movies?sort=title" for 127.0.0.1 at 2015-09-18 17:55:55 -0500
Processing by MoviesController#index as HTML
  Parameters: {"sort"=>"title"}
  [1m[35mMovie Load (0.3ms)[0m  SELECT "movies".* FROM "movies"  ORDER BY title
  Rendered movies/index.html.haml within layouts/application (5.1ms)
Completed 200 OK in 31ms (Views: 29.4ms | ActiveRecord: 0.3ms)


Started GET "/movies?sort=title" for 127.0.0.1 at 2015-09-18 17:55:57 -0500
Processing by MoviesController#index as HTML
  Parameters: {"sort"=>"title"}
  [1m[36mMovie Load (0.3ms)[0m  [1mSELECT "movies".* FROM "movies"  ORDER BY title[0m
  Rendered movies/index.html.haml within layouts/application (3.1ms)
Completed 200 OK in 26ms (Views: 25.6ms | ActiveRecord: 0.3ms)


Started GET "/movies?sort=release_date" for 127.0.0.1 at 2015-09-18 17:55:58 -0500
Processing by MoviesController#index as HTML
  Parameters: {"sort"=>"release_date"}
  [1m[35mMovie Load (0.5ms)[0m  SELECT "movies".* FROM "movies"  ORDER BY release_date
  Rendered movies/index.html.haml within layouts/application (4.4ms)
Completed 200 OK in 29ms (Views: 27.3ms | ActiveRecord: 0.5ms)


Started GET "/movies?sort=title" for 127.0.0.1 at 2015-09-18 17:56:00 -0500
Processing by MoviesController#index as HTML
  Parameters: {"sort"=>"title"}
  [1m[36mMovie Load (0.2ms)[0m  [1mSELECT "movies".* FROM "movies"  ORDER BY title[0m
  Rendered movies/index.html.haml within layouts/application (3.5ms)
Completed 200 OK in 31ms (Views: 29.0ms | ActiveRecord: 0.2ms)


Started GET "/movies?sort=title" for 127.0.0.1 at 2015-09-18 17:58:36 -0500
Processing by MoviesController#index as HTML
  Parameters: {"sort"=>"title"}
  [1m[35mMovie Load (0.3ms)[0m  SELECT "movies".* FROM "movies"  ORDER BY title
  Rendered movies/index.html.haml within layouts/application (5.3ms)
Completed 200 OK in 52ms (Views: 50.6ms | ActiveRecord: 0.3ms)


Started GET "/movies?sort=title" for 127.0.0.1 at 2015-09-18 17:58:36 -0500
Processing by MoviesController#index as HTML
  Parameters: {"sort"=>"title"}
  [1m[36mMovie Load (0.5ms)[0m  [1mSELECT "movies".* FROM "movies"  ORDER BY title[0m
  Rendered movies/index.html.haml within layouts/application (4.7ms)
Completed 200 OK in 34ms (Views: 32.2ms | ActiveRecord: 0.5ms)


Started GET "/assets/default.self-7c62bcaf401f12249e7f3317327a4a03566644eb21189fa510e9c13f4705a1a3.css?body=1" for 127.0.0.1 at 2015-09-18 17:58:37 -0500


Started GET "/movies?sort=release_date" for 127.0.0.1 at 2015-09-18 17:58:38 -0500
Processing by MoviesController#index as HTML
  Parameters: {"sort"=>"release_date"}
  [1m[35mMovie Load (0.5ms)[0m  SELECT "movies".* FROM "movies"  ORDER BY release_date
  Rendered movies/index.html.haml within layouts/application (4.2ms)
Completed 200 OK in 38ms (Views: 36.4ms | ActiveRecord: 0.5ms)


Started GET "/movies?sort=release_date" for 127.0.0.1 at 2015-09-18 17:58:40 -0500
Processing by MoviesController#index as HTML
  Parameters: {"sort"=>"release_date"}
  [1m[36mMovie Load (0.4ms)[0m  [1mSELECT "movies".* FROM "movies"  ORDER BY release_date[0m
  Rendered movies/index.html.haml within layouts/application (4.6ms)
Completed 200 OK in 31ms (Views: 30.1ms | ActiveRecord: 0.4ms)


Started GET "/movies?sort=title" for 127.0.0.1 at 2015-09-18 17:58:52 -0500
Processing by MoviesController#index as HTML
  Parameters: {"sort"=>"title"}
  [1m[35mMovie Load (0.3ms)[0m  SELECT "movies".* FROM "movies"  ORDER BY title
  Rendered movies/index.html.haml within layouts/application (3.3ms)
Completed 200 OK in 31ms (Views: 29.9ms | ActiveRecord: 0.3ms)


Started GET "/movies?sort=title" for 127.0.0.1 at 2015-09-18 17:58:52 -0500
Processing by MoviesController#index as HTML
  Parameters: {"sort"=>"title"}
  [1m[36mMovie Load (0.3ms)[0m  [1mSELECT "movies".* FROM "movies"  ORDER BY title[0m
  Rendered movies/index.html.haml within layouts/application (4.4ms)
Completed 200 OK in 30ms (Views: 28.3ms | ActiveRecord: 0.3ms)


Started GET "/movies?sort=title" for 127.0.0.1 at 2015-09-18 18:00:18 -0500
Processing by MoviesController#index as HTML
  Parameters: {"sort"=>"title"}
  [1m[35mMovie Load (0.3ms)[0m  SELECT "movies".* FROM "movies"  ORDER BY title
  Rendered movies/index.html.haml within layouts/application (5.7ms)
Completed 200 OK in 32ms (Views: 30.6ms | ActiveRecord: 0.3ms)


Started GET "/assets/default.self-2d9a7a9486df8beaa4c0bff0e4b5037570284d7cc6c101b3b8413ff03cda2543.css?body=1" for 127.0.0.1 at 2015-09-18 18:00:18 -0500


Started GET "/assets/jquery.self-d03a5518f45df77341bdbe6201ba3bfa547ebba8ed64f0ea56bfa5f96ea7c074.js?body=1" for 127.0.0.1 at 2015-09-18 18:00:18 -0500


Started GET "/assets/jquery_ujs.self-ca5248a2fad13d6bd58ea121318d642f195f0b2dd818b30615f785ff365e8d1f.js?body=1" for 127.0.0.1 at 2015-09-18 18:00:18 -0500


Started GET "/assets/application.self-e80e8f2318043e8af94dddc2adad5a4f09739a8ebb323b3ab31cd71d45fd9113.css?body=1" for 127.0.0.1 at 2015-09-18 18:00:18 -0500


Started GET "/assets/turbolinks.self-c37727e9bd6b2735da5c311aa83fead54ed0be6cc8bd9a65309e9c5abe2cbfff.js?body=1" for 127.0.0.1 at 2015-09-18 18:00:18 -0500


Started GET "/assets/application.self-3b8dabdc891efe46b9a144b400ad69e37d7e5876bdc39dee783419a69d7ca819.js?body=1" for 127.0.0.1 at 2015-09-18 18:00:18 -0500


Started GET "/movies?sort=release_date" for 127.0.0.1 at 2015-09-18 18:00:21 -0500
Processing by MoviesController#index as HTML
  Parameters: {"sort"=>"release_date"}
  [1m[36mMovie Load (0.5ms)[0m  [1mSELECT "movies".* FROM "movies"  ORDER BY release_date[0m
  Rendered movies/index.html.haml within layouts/application (8.5ms)
Completed 200 OK in 35ms (Views: 33.2ms | ActiveRecord: 0.5ms)


Started GET "/movies?sort=release_date" for 127.0.0.1 at 2015-09-18 18:00:51 -0500
Processing by MoviesController#index as HTML
  Parameters: {"sort"=>"release_date"}
  [1m[35mMovie Load (0.3ms)[0m  SELECT "movies".* FROM "movies"  ORDER BY release_date
  Rendered movies/index.html.haml within layouts/application (20.9ms)
Completed 500 Internal Server Error in 23ms (ActiveRecord: 0.3ms)

ActionView::Template::Error (undefined method `sortable' for #<#<Class:0x007f4f4c58a140>:0x007f4f5532e0a0>):
    4: %table#movies
    5:   %thead
    6:     %tr
    7:       %th{params[:sort] == "title" ? {:class => "hilite"} : {}, :id => "title_header"}= sortable "title", "Movie Title"
    8:       %th Rating
    9:       %th{:class=>("hilite" if @sortby == 'release_date')}= link_to  'Release Date', movies_path(:sort => 'release_date'), :id => 'release_date_header'
   10:       %th More Info
  app/views/movies/index.html.haml:7:in `_app_views_movies_index_html_haml__2526894413570390577_69989354231940'


  Rendered /home/pooja/.gem/ruby/2.2.0/gems/actionpack-4.2.1/lib/action_dispatch/middleware/templates/rescues/_source.erb (8.0ms)
  Rendered /home/pooja/.gem/ruby/2.2.0/gems/actionpack-4.2.1/lib/action_dispatch/middleware/templates/rescues/_trace.html.erb (4.6ms)
  Rendered /home/pooja/.gem/ruby/2.2.0/gems/actionpack-4.2.1/lib/action_dispatch/middleware/templates/rescues/_request_and_response.html.erb (1.2ms)
  Rendered /home/pooja/.gem/ruby/2.2.0/gems/actionpack-4.2.1/lib/action_dispatch/middleware/templates/rescues/template_error.html.erb within rescues/layout (30.3ms)
  Rendered /home/pooja/.gem/ruby/2.2.0/gems/web-console-2.2.1/lib/web_console/templates/_markup.html.erb (0.4ms)
  Rendered /home/pooja/.gem/ruby/2.2.0/gems/web-console-2.2.1/lib/web_console/templates/_inner_console_markup.html.erb within layouts/inlined_string (0.4ms)
  Rendered /home/pooja/.gem/ruby/2.2.0/gems/web-console-2.2.1/lib/web_console/templates/_prompt_box_markup.html.erb within layouts/inlined_string (0.5ms)
  Rendered /home/pooja/.gem/ruby/2.2.0/gems/web-console-2.2.1/lib/web_console/templates/style.css.erb within layouts/inlined_string (0.6ms)
  Rendered /home/pooja/.gem/ruby/2.2.0/gems/web-console-2.2.1/lib/web_console/templates/console.js.erb within layouts/javascript (19.0ms)
  Rendered /home/pooja/.gem/ruby/2.2.0/gems/web-console-2.2.1/lib/web_console/templates/main.js.erb within layouts/javascript (0.3ms)
  Rendered /home/pooja/.gem/ruby/2.2.0/gems/web-console-2.2.1/lib/web_console/templates/error_page.js.erb within layouts/javascript (0.6ms)
  Rendered /home/pooja/.gem/ruby/2.2.0/gems/web-console-2.2.1/lib/web_console/templates/index.html.erb (37.8ms)


Started GET "/movies?sort=release_date" for 127.0.0.1 at 2015-09-18 18:01:02 -0500
Processing by MoviesController#index as HTML
  Parameters: {"sort"=>"release_date"}
  [1m[36mMovie Load (0.3ms)[0m  [1mSELECT "movies".* FROM "movies"  ORDER BY release_date[0m
  Rendered movies/index.html.haml within layouts/application (8.2ms)
Completed 200 OK in 41ms (Views: 39.6ms | ActiveRecord: 0.3ms)


Started GET "/assets/application.self-e80e8f2318043e8af94dddc2adad5a4f09739a8ebb323b3ab31cd71d45fd9113.css?body=1" for 127.0.0.1 at 2015-09-18 18:01:03 -0500


Started GET "/assets/jquery.self-d03a5518f45df77341bdbe6201ba3bfa547ebba8ed64f0ea56bfa5f96ea7c074.js?body=1" for 127.0.0.1 at 2015-09-18 18:01:03 -0500


Started GET "/assets/default.self-2d9a7a9486df8beaa4c0bff0e4b5037570284d7cc6c101b3b8413ff03cda2543.css?body=1" for 127.0.0.1 at 2015-09-18 18:01:03 -0500


Started GET "/assets/jquery_ujs.self-ca5248a2fad13d6bd58ea121318d642f195f0b2dd818b30615f785ff365e8d1f.js?body=1" for 127.0.0.1 at 2015-09-18 18:01:03 -0500


Started GET "/assets/turbolinks.self-c37727e9bd6b2735da5c311aa83fead54ed0be6cc8bd9a65309e9c5abe2cbfff.js?body=1" for 127.0.0.1 at 2015-09-18 18:01:03 -0500


Started GET "/assets/application.self-3b8dabdc891efe46b9a144b400ad69e37d7e5876bdc39dee783419a69d7ca819.js?body=1" for 127.0.0.1 at 2015-09-18 18:01:03 -0500


Started GET "/movies?sort=title" for 127.0.0.1 at 2015-09-18 18:01:05 -0500
Processing by MoviesController#index as HTML
  Parameters: {"sort"=>"title"}
  [1m[35mMovie Load (0.8ms)[0m  SELECT "movies".* FROM "movies"  ORDER BY title
  Rendered movies/index.html.haml within layouts/application (10.7ms)
Completed 200 OK in 37ms (Views: 35.1ms | ActiveRecord: 0.8ms)


Started GET "/movies?sort=title" for 127.0.0.1 at 2015-09-18 18:01:05 -0500
Processing by MoviesController#index as HTML
  Parameters: {"sort"=>"title"}
  [1m[36mMovie Load (0.3ms)[0m  [1mSELECT "movies".* FROM "movies"  ORDER BY title[0m
  Rendered movies/index.html.haml within layouts/application (3.3ms)
Completed 200 OK in 30ms (Views: 28.7ms | ActiveRecord: 0.3ms)


Started GET "/movies?sort=title" for 127.0.0.1 at 2015-09-18 18:01:38 -0500
Processing by MoviesController#index as HTML
  Parameters: {"sort"=>"title"}
  [1m[35mMovie Load (0.3ms)[0m  SELECT "movies".* FROM "movies"  ORDER BY title
  Rendered movies/index.html.haml within layouts/application (7.0ms)
Completed 200 OK in 33ms (Views: 32.0ms | ActiveRecord: 0.3ms)


Started GET "/assets/default.self-2d9a7a9486df8beaa4c0bff0e4b5037570284d7cc6c101b3b8413ff03cda2543.css?body=1" for 127.0.0.1 at 2015-09-18 18:01:39 -0500


Started GET "/assets/application.self-e80e8f2318043e8af94dddc2adad5a4f09739a8ebb323b3ab31cd71d45fd9113.css?body=1" for 127.0.0.1 at 2015-09-18 18:01:39 -0500


Started GET "/assets/jquery.self-d03a5518f45df77341bdbe6201ba3bfa547ebba8ed64f0ea56bfa5f96ea7c074.js?body=1" for 127.0.0.1 at 2015-09-18 18:01:39 -0500


Started GET "/assets/application.self-3b8dabdc891efe46b9a144b400ad69e37d7e5876bdc39dee783419a69d7ca819.js?body=1" for 127.0.0.1 at 2015-09-18 18:01:39 -0500


Started GET "/assets/turbolinks.self-c37727e9bd6b2735da5c311aa83fead54ed0be6cc8bd9a65309e9c5abe2cbfff.js?body=1" for 127.0.0.1 at 2015-09-18 18:01:39 -0500


Started GET "/assets/jquery_ujs.self-ca5248a2fad13d6bd58ea121318d642f195f0b2dd818b30615f785ff365e8d1f.js?body=1" for 127.0.0.1 at 2015-09-18 18:01:39 -0500


Started GET "/movies?sort=title" for 127.0.0.1 at 2015-09-18 18:02:06 -0500
Processing by MoviesController#index as HTML
  Parameters: {"sort"=>"title"}
  [1m[36mMovie Load (0.6ms)[0m  [1mSELECT "movies".* FROM "movies"  ORDER BY title[0m
  Rendered movies/index.html.haml within layouts/application (10.3ms)
Completed 200 OK in 36ms (Views: 34.2ms | ActiveRecord: 0.6ms)


Started GET "/assets/default.self-2d9a7a9486df8beaa4c0bff0e4b5037570284d7cc6c101b3b8413ff03cda2543.css?body=1" for 127.0.0.1 at 2015-09-18 18:02:06 -0500


Started GET "/assets/jquery_ujs.self-ca5248a2fad13d6bd58ea121318d642f195f0b2dd818b30615f785ff365e8d1f.js?body=1" for 127.0.0.1 at 2015-09-18 18:02:06 -0500


Started GET "/assets/jquery.self-d03a5518f45df77341bdbe6201ba3bfa547ebba8ed64f0ea56bfa5f96ea7c074.js?body=1" for 127.0.0.1 at 2015-09-18 18:02:06 -0500


Started GET "/assets/application.self-e80e8f2318043e8af94dddc2adad5a4f09739a8ebb323b3ab31cd71d45fd9113.css?body=1" for 127.0.0.1 at 2015-09-18 18:02:06 -0500


Started GET "/assets/turbolinks.self-c37727e9bd6b2735da5c311aa83fead54ed0be6cc8bd9a65309e9c5abe2cbfff.js?body=1" for 127.0.0.1 at 2015-09-18 18:02:06 -0500


Started GET "/assets/application.self-3b8dabdc891efe46b9a144b400ad69e37d7e5876bdc39dee783419a69d7ca819.js?body=1" for 127.0.0.1 at 2015-09-18 18:02:07 -0500


Started GET "/movies?sort=release_date" for 127.0.0.1 at 2015-09-18 18:02:08 -0500
Processing by MoviesController#index as HTML
  Parameters: {"sort"=>"release_date"}
  [1m[35mMovie Load (0.2ms)[0m  SELECT "movies".* FROM "movies"  ORDER BY release_date
  Rendered movies/index.html.haml within layouts/application (7.9ms)
Completed 200 OK in 34ms (Views: 33.0ms | ActiveRecord: 0.2ms)


Started GET "/movies?sort=title" for 127.0.0.1 at 2015-09-18 18:02:10 -0500
Processing by MoviesController#index as HTML
  Parameters: {"sort"=>"title"}
  [1m[36mMovie Load (0.4ms)[0m  [1mSELECT "movies".* FROM "movies"  ORDER BY title[0m
  Rendered movies/index.html.haml within layouts/application (5.6ms)
Completed 200 OK in 30ms (Views: 29.0ms | ActiveRecord: 0.4ms)


Started GET "/movies?sort=release_date" for 127.0.0.1 at 2015-09-18 18:02:12 -0500
Processing by MoviesController#index as HTML
  Parameters: {"sort"=>"release_date"}
  [1m[35mMovie Load (0.4ms)[0m  SELECT "movies".* FROM "movies"  ORDER BY release_date
  Rendered movies/index.html.haml within layouts/application (4.9ms)
Completed 200 OK in 29ms (Views: 27.7ms | ActiveRecord: 0.4ms)


Started GET "/movies?sort=title" for 127.0.0.1 at 2015-09-18 18:02:13 -0500
Processing by MoviesController#index as HTML
  Parameters: {"sort"=>"title"}
  [1m[36mMovie Load (0.4ms)[0m  [1mSELECT "movies".* FROM "movies"  ORDER BY title[0m
  Rendered movies/index.html.haml within layouts/application (5.2ms)
Completed 200 OK in 30ms (Views: 28.9ms | ActiveRecord: 0.4ms)
